+ WALLET=0x0050F880c35c31c13BFd9cBb7D28AafaEcA3abd2
+ TIMELOCK=0x2401224012bAE7C2f217392665CA7abC16dCDE1e
+ xWRING=0x273131f7cb50ac002bdd08ca721988731f7e1092
+ LPBRIDGE=0x3B9E571AdeCB0c277486036D6097E9C2CCcfa9d9
+ SALT=0x0000000000000000000000000000000000000000000000000000000000000012
+ PREDECESSOR=0x0000000000000000000000000000000000000000000000000000000000000000
+ DELAY=1800
+ target=0x273131f7cb50ac002bdd08ca721988731f7e1092
+ value=0
++ seth --to-wei 5000000 ether
+ amount=5000000000000000000000000
++ seth calldata 'transfer(address,uint)' 0x3B9E571AdeCB0c277486036D6097E9C2CCcfa9d9 5000000000000000000000000
+ data1=0xa9059cbb0000000000000000000000003b9e571adecb0c277486036d6097e9c2cccfa9d90000000000000000000000000000000000000000000422ca8b0a00a425000000
++ seth calldata 'schedule(address,uint256,bytes,bytes32,bytes32,uint256)' 0x273131f7cb50ac002bdd08ca721988731f7e1092 0 0xa9059cbb0000000000000000000000003b9e571adecb0c277486036d6097e9c2cccfa9d90000000000000000000000000000000000000000000422ca8b0a00a425000000 0x0000000000000000000000000000000000000000000000000000000000000000 0x0000000000000000000000000000000000000000000000000000000000000012 1800
+ data=0x01d5062a000000000000000000000000273131f7cb50ac002bdd08ca721988731f7e1092000000000000000000000000000000000000000000000000000000000000000000000000000000000000000000000000000000000000000000000000000000c00000000000000000000000000000000000000000000000000000000000000000000000000000000000000000000000000000000000000000000000000000001200000000000000000000000000000000000000000000000000000000000007080000000000000000000000000000000000000000000000000000000000000044a9059cbb0000000000000000000000003b9e571adecb0c277486036d6097e9c2cccfa9d90000000000000000000000000000000000000000000422ca8b0a00a42500000000000000000000000000000000000000000000000000000000000000
+ seth call -F 0x0050F880c35c31c13BFd9cBb7D28AafaEcA3abd2 0x2401224012bAE7C2f217392665CA7abC16dCDE1e 0x01d5062a000000000000000000000000273131f7cb50ac002bdd08ca721988731f7e1092000000000000000000000000000000000000000000000000000000000000000000000000000000000000000000000000000000000000000000000000000000c00000000000000000000000000000000000000000000000000000000000000000000000000000000000000000000000000000000000000000000000000000001200000000000000000000000000000000000000000000000000000000000007080000000000000000000000000000000000000000000000000000000000000044a9059cbb0000000000000000000000003b9e571adecb0c277486036d6097e9c2cccfa9d90000000000000000000000000000000000000000000422ca8b0a00a42500000000000000000000000000000000000000000000000000000000000000
0x
+ seth send 0x0050F880c35c31c13BFd9cBb7D28AafaEcA3abd2 'submitTransaction(address,uint,bytes)' 0x2401224012bAE7C2f217392665CA7abC16dCDE1e 0 0x01d5062a000000000000000000000000273131f7cb50ac002bdd08ca721988731f7e1092000000000000000000000000000000000000000000000000000000000000000000000000000000000000000000000000000000000000000000000000000000c00000000000000000000000000000000000000000000000000000000000000000000000000000000000000000000000000000000000000000000000000000001200000000000000000000000000000000000000000000000000000000000007080000000000000000000000000000000000000000000000000000000000000044a9059cbb0000000000000000000000003b9e571adecb0c277486036d6097e9c2cccfa9d90000000000000000000000000000000000000000000422ca8b0a00a42500000000000000000000000000000000000000000000000000000000000000
seth-send: Published transaction with 484 bytes of calldata.
seth-send: 0x9283798534c351329d9281fb6c0205099d99262ec7ade4f756079bc42284853d
seth-send: Waiting for transaction receipt...
seth-send: Transaction included in block 14437832.
++ seth call 0x0050F880c35c31c13BFd9cBb7D28AafaEcA3abd2 'transactionCount()(uint)'
+ count=28
+ seth call 0x0050F880c35c31c13BFd9cBb7D28AafaEcA3abd2 'transactions(uint)(address,uint,bytes,bool)' 27
0x2401224012bAE7C2f217392665CA7abC16dCDE1e
0
0x01d5062a000000000000000000000000273131f7cb50ac002bdd08ca721988731f7e1092000000000000000000000000000000000000000000000000000000000000000000000000000000000000000000000000000000000000000000000000000000c00000000000000000000000000000000000000000000000000000000000000000000000000000000000000000000000000000000000000000000000000000001200000000000000000000000000000000000000000000000000000000000007080000000000000000000000000000000000000000000000000000000000000044a9059cbb0000000000000000000000003b9e571adecb0c277486036d6097e9c2cccfa9d90000000000000000000000000000000000000000000422ca8b0a00a42500000000000000000000000000000000000000000000000000000000000000
false

+ op_hash=0x75e4bf4da9fa3a85aad1ad0498964762cff18656db9acfc232edf19220e4bd41
++ seth call 0x2401224012bAE7C2f217392665CA7abC16dCDE1e 'getTimestamp(bytes32)(uint)' 0x75e4bf4da9fa3a85aad1ad0498964762cff18656db9acfc232edf19220e4bd41
+ date -r 1676427606 '+%Y-%m-%d %H:%M:%S'
2023-02-15 10:20:06
+ seth send 0x2401224012bAE7C2f217392665CA7abC16dCDE1e 'execute(address,uint256,bytes,bytes32,bytes32)' 0x273131f7cb50ac002bdd08ca721988731f7e1092 0 0xa9059cbb0000000000000000000000003b9e571adecb0c277486036d6097e9c2cccfa9d90000000000000000000000000000000000000000000422ca8b0a00a425000000 0x0000000000000000000000000000000000000000000000000000000000000000 0x0000000000000000000000000000000000000000000000000000000000000012
seth-send: Published transaction with 292 bytes of calldata.
seth-send: 0x0125965fb50aede46589aff230b56a341a6d154b9f294c702c238406ab545d70
seth-send: Waiting for transaction receipt....
seth-send: Transaction included in block 14438788.
