+ WALLET=0x0050F880c35c31c13BFd9cBb7D28AafaEcA3abd2
+ TIMELOCK=0x2401224012bAE7C2f217392665CA7abC16dCDE1e
+ xWRING=0x273131f7cb50ac002bdd08ca721988731f7e1092
+ XIAOCH=0x88a39B052d477CfdE47600a7C9950a441Ce61cb4
+ SALT=0x0000000000000000000000000000000000000000000000000000000000000013
+ PREDECESSOR=0x0000000000000000000000000000000000000000000000000000000000000000
+ DELAY=1800
+ target=0x273131f7cb50ac002bdd08ca721988731f7e1092
+ value=0
++ seth --to-wei 3000000 ether
+ amount=3000000000000000000000000
++ seth calldata 'transfer(address,uint)' 0x88a39B052d477CfdE47600a7C9950a441Ce61cb4 3000000000000000000000000
+ data1=0xa9059cbb00000000000000000000000088a39b052d477cfde47600a7c9950a441ce61cb4000000000000000000000000000000000000000000027b46536c66c8e3000000
++ seth calldata 'schedule(address,uint256,bytes,bytes32,bytes32,uint256)' 0x273131f7cb50ac002bdd08ca721988731f7e1092 0 0xa9059cbb00000000000000000000000088a39b052d477cfde47600a7c9950a441ce61cb4000000000000000000000000000000000000000000027b46536c66c8e3000000 0x0000000000000000000000000000000000000000000000000000000000000000 0x0000000000000000000000000000000000000000000000000000000000000013 1800
+ data=0x01d5062a000000000000000000000000273131f7cb50ac002bdd08ca721988731f7e1092000000000000000000000000000000000000000000000000000000000000000000000000000000000000000000000000000000000000000000000000000000c00000000000000000000000000000000000000000000000000000000000000000000000000000000000000000000000000000000000000000000000000000001300000000000000000000000000000000000000000000000000000000000007080000000000000000000000000000000000000000000000000000000000000044a9059cbb00000000000000000000000088a39b052d477cfde47600a7c9950a441ce61cb4000000000000000000000000000000000000000000027b46536c66c8e300000000000000000000000000000000000000000000000000000000000000
+ seth call -F 0x0050F880c35c31c13BFd9cBb7D28AafaEcA3abd2 0x2401224012bAE7C2f217392665CA7abC16dCDE1e 0x01d5062a000000000000000000000000273131f7cb50ac002bdd08ca721988731f7e1092000000000000000000000000000000000000000000000000000000000000000000000000000000000000000000000000000000000000000000000000000000c00000000000000000000000000000000000000000000000000000000000000000000000000000000000000000000000000000000000000000000000000000001300000000000000000000000000000000000000000000000000000000000007080000000000000000000000000000000000000000000000000000000000000044a9059cbb00000000000000000000000088a39b052d477cfde47600a7c9950a441ce61cb4000000000000000000000000000000000000000000027b46536c66c8e300000000000000000000000000000000000000000000000000000000000000
0x
+ seth send 0x0050F880c35c31c13BFd9cBb7D28AafaEcA3abd2 'submitTransaction(address,uint,bytes)' 0x2401224012bAE7C2f217392665CA7abC16dCDE1e 0 0x01d5062a000000000000000000000000273131f7cb50ac002bdd08ca721988731f7e1092000000000000000000000000000000000000000000000000000000000000000000000000000000000000000000000000000000000000000000000000000000c00000000000000000000000000000000000000000000000000000000000000000000000000000000000000000000000000000000000000000000000000000001300000000000000000000000000000000000000000000000000000000000007080000000000000000000000000000000000000000000000000000000000000044a9059cbb00000000000000000000000088a39b052d477cfde47600a7c9950a441ce61cb4000000000000000000000000000000000000000000027b46536c66c8e300000000000000000000000000000000000000000000000000000000000000
seth-send: Published transaction with 484 bytes of calldata.
seth-send: 0x83d1a82ff976b96c341fa082309d8948dfe7a3a6c5101046886772a8d34a2c82
seth-send: Waiting for transaction receipt....
seth-send: Transaction included in block 14671177.
++ seth call 0x0050F880c35c31c13BFd9cBb7D28AafaEcA3abd2 'transactionCount()(uint)'
+ count=29
+ seth call 0x0050F880c35c31c13BFd9cBb7D28AafaEcA3abd2 'transactions(uint)(address,uint,bytes,bool)' 28
0x2401224012bAE7C2f217392665CA7abC16dCDE1e
0
0x01d5062a000000000000000000000000273131f7cb50ac002bdd08ca721988731f7e1092000000000000000000000000000000000000000000000000000000000000000000000000000000000000000000000000000000000000000000000000000000c00000000000000000000000000000000000000000000000000000000000000000000000000000000000000000000000000000000000000000000000000000001300000000000000000000000000000000000000000000000000000000000007080000000000000000000000000000000000000000000000000000000000000044a9059cbb00000000000000000000000088a39b052d477cfde47600a7c9950a441ce61cb4000000000000000000000000000000000000000000027b46536c66c8e300000000000000000000000000000000000000000000000000000000000000
false

++ seth call 0x2401224012bAE7C2f217392665CA7abC16dCDE1e 'hashOperation(address,uint256,bytes,bytes32,bytes32)(bytes32)' 0x273131f7cb50ac002bdd08ca721988731f7e1092 0 0xa9059cbb00000000000000000000000088a39b052d477cfde47600a7c9950a441ce61cb4000000000000000000000000000000000000000000027b46536c66c8e3000000 0x0000000000000000000000000000000000000000000000000000000000000000 0x0000000000000000000000000000000000000000000000000000000000000013
+ op_hash=0x9fdef4f2f8e3ab543ed454a1f7f26e01b81f84ea27fabeee51cdeb4d18f305cd
++ seth call 0x2401224012bAE7C2f217392665CA7abC16dCDE1e 'getTimestamp(bytes32)(uint)' 0x9fdef4f2f8e3ab543ed454a1f7f26e01b81f84ea27fabeee51cdeb4d18f305cd
+ date -r 1677827904 '+%Y-%m-%d %H:%M:%S'
2023-03-03 15:18:24
+ seth send 0x2401224012bAE7C2f217392665CA7abC16dCDE1e 'execute(address,uint256,bytes,bytes32,bytes32)' 0x273131f7cb50ac002bdd08ca721988731f7e1092 0 0xa9059cbb00000000000000000000000088a39b052d477cfde47600a7c9950a441ce61cb4000000000000000000000000000000000000000000027b46536c66c8e3000000 0x0000000000000000000000000000000000000000000000000000000000000000 0x0000000000000000000000000000000000000000000000000000000000000013
seth-send: Published transaction with 292 bytes of calldata.
seth-send: 0xa27921284e9d09c8b0045f850f324dcc38fe135376ca2ec9440d690ab414fda9
seth-send: Waiting for transaction receipt....
seth-send: Transaction included in block 14672444.
