+ WALLET=0x0050F880c35c31c13BFd9cBb7D28AafaEcA3abd2
+ TIMELOCK=0x2401224012bAE7C2f217392665CA7abC16dCDE1e
+ xWRING=0x273131f7cb50ac002bdd08ca721988731f7e1092
+ XIAOCH=0x3B9E571AdeCB0c277486036D6097E9C2CCcfa9d9
+ SALT=0x0000000000000000000000000000000000000000000000000000000000000032
+ PREDECESSOR=0x0000000000000000000000000000000000000000000000000000000000000000
+ DELAY=1800
+ target=0x273131f7cb50ac002bdd08ca721988731f7e1092
+ value=0
++ seth --to-wei 2000000 ether
+ amount=2000000000000000000000000
++ seth calldata 'transfer(address,uint)' 0x3B9E571AdeCB0c277486036D6097E9C2CCcfa9d9 2000000000000000000000000
+ data1=0xa9059cbb0000000000000000000000003b9e571adecb0c277486036d6097e9c2cccfa9d900000000000000000000000000000000000000000001a784379d99db42000000
++ seth calldata 'schedule(address,uint256,bytes,bytes32,bytes32,uint256)' 0x273131f7cb50ac002bdd08ca721988731f7e1092 0 0xa9059cbb0000000000000000000000003b9e571adecb0c277486036d6097e9c2cccfa9d900000000000000000000000000000000000000000001a784379d99db42000000 0x0000000000000000000000000000000000000000000000000000000000000000 0x0000000000000000000000000000000000000000000000000000000000000032 1800
+ data=0x01d5062a000000000000000000000000273131f7cb50ac002bdd08ca721988731f7e1092000000000000000000000000000000000000000000000000000000000000000000000000000000000000000000000000000000000000000000000000000000c00000000000000000000000000000000000000000000000000000000000000000000000000000000000000000000000000000000000000000000000000000003200000000000000000000000000000000000000000000000000000000000007080000000000000000000000000000000000000000000000000000000000000044a9059cbb0000000000000000000000003b9e571adecb0c277486036d6097e9c2cccfa9d900000000000000000000000000000000000000000001a784379d99db4200000000000000000000000000000000000000000000000000000000000000
+ seth call -F 0x0050F880c35c31c13BFd9cBb7D28AafaEcA3abd2 0x2401224012bAE7C2f217392665CA7abC16dCDE1e 0x01d5062a000000000000000000000000273131f7cb50ac002bdd08ca721988731f7e1092000000000000000000000000000000000000000000000000000000000000000000000000000000000000000000000000000000000000000000000000000000c00000000000000000000000000000000000000000000000000000000000000000000000000000000000000000000000000000000000000000000000000000003200000000000000000000000000000000000000000000000000000000000007080000000000000000000000000000000000000000000000000000000000000044a9059cbb0000000000000000000000003b9e571adecb0c277486036d6097e9c2cccfa9d900000000000000000000000000000000000000000001a784379d99db4200000000000000000000000000000000000000000000000000000000000000 --chain crab
0x
+ seth send 0x0050F880c35c31c13BFd9cBb7D28AafaEcA3abd2 'submitTransaction(address,uint,bytes)' 0x2401224012bAE7C2f217392665CA7abC16dCDE1e 0 0x01d5062a000000000000000000000000273131f7cb50ac002bdd08ca721988731f7e1092000000000000000000000000000000000000000000000000000000000000000000000000000000000000000000000000000000000000000000000000000000c00000000000000000000000000000000000000000000000000000000000000000000000000000000000000000000000000000000000000000000000000000003200000000000000000000000000000000000000000000000000000000000007080000000000000000000000000000000000000000000000000000000000000044a9059cbb0000000000000000000000003b9e571adecb0c277486036d6097e9c2cccfa9d900000000000000000000000000000000000000000001a784379d99db4200000000000000000000000000000000000000000000000000000000000000 --chain crab
seth-send: Published transaction with 484 bytes of calldata.
seth-send: 0x83c46605fc69ea94f83d1a37242c8ae34d1910f006dadd28de9bc6c2d32f8180
seth-send: Waiting for transaction receipt......
seth-send: Transaction included in block 1622457.
++ seth call 0x0050F880c35c31c13BFd9cBb7D28AafaEcA3abd2 'transactionCount()(uint)' --chain crab
+ count=38
+ seth call 0x0050F880c35c31c13BFd9cBb7D28AafaEcA3abd2 'transactions(uint)(address,uint,bytes,bool)' 37 --chain crab
0x2401224012bAE7C2f217392665CA7abC16dCDE1e
0
0x01d5062a000000000000000000000000273131f7cb50ac002bdd08ca721988731f7e1092000000000000000000000000000000000000000000000000000000000000000000000000000000000000000000000000000000000000000000000000000000c00000000000000000000000000000000000000000000000000000000000000000000000000000000000000000000000000000000000000000000000000000003200000000000000000000000000000000000000000000000000000000000007080000000000000000000000000000000000000000000000000000000000000044a9059cbb0000000000000000000000003b9e571adecb0c277486036d6097e9c2cccfa9d900000000000000000000000000000000000000000001a784379d99db4200000000000000000000000000000000000000000000000000000000000000
false
