+ WALLET=0x0050F880c35c31c13BFd9cBb7D28AafaEcA3abd2
+ TIMELOCK=0x000000000f681D85374225EdEeADC25560C1fb3F
+ LnBridge=0x94C614DAeFDbf151E1BB53d6A201ae5fF56A9337
+ from=0x7aE77149ed38c5dD313e9069d790Ce7085caf0A6
+ SALT=0x0000000000000000000000000000000000000000000000000000000000000000
+ PREDECESSOR=0x0000000000000000000000000000000000000000000000000000000000000000
+ DELAY=1800
+ target=0x94C614DAeFDbf151E1BB53d6A201ae5fF56A9337
+ value=0
++ seth calldata 'updateFeeReceiver(address)' 0x000000000f681D85374225EdEeADC25560C1fb3F
+ data1=0xc69bebe4000000000000000000000000000000000f681d85374225edeeadc25560c1fb3f
++ seth calldata 'schedule(address,uint256,bytes,bytes32,bytes32,uint256)' 0x94C614DAeFDbf151E1BB53d6A201ae5fF56A9337 0 0xc69bebe4000000000000000000000000000000000f681d85374225edeeadc25560c1fb3f 0x0000000000000000000000000000000000000000000000000000000000000000 0x0000000000000000000000000000000000000000000000000000000000000000 1800
+ data=0x01d5062a00000000000000000000000094c614daefdbf151e1bb53d6a201ae5ff56a9337000000000000000000000000000000000000000000000000000000000000000000000000000000000000000000000000000000000000000000000000000000c00000000000000000000000000000000000000000000000000000000000000000000000000000000000000000000000000000000000000000000000000000000000000000000000000000000000000000000000000000000000000000000007080000000000000000000000000000000000000000000000000000000000000024c69bebe4000000000000000000000000000000000f681d85374225edeeadc25560c1fb3f00000000000000000000000000000000000000000000000000000000
+ seth call -F 0x0050F880c35c31c13BFd9cBb7D28AafaEcA3abd2 0x000000000f681D85374225EdEeADC25560C1fb3F 0x01d5062a00000000000000000000000094c614daefdbf151e1bb53d6a201ae5ff56a9337000000000000000000000000000000000000000000000000000000000000000000000000000000000000000000000000000000000000000000000000000000c00000000000000000000000000000000000000000000000000000000000000000000000000000000000000000000000000000000000000000000000000000000000000000000000000000000000000000000000000000000000000000000007080000000000000000000000000000000000000000000000000000000000000024c69bebe4000000000000000000000000000000000f681d85374225edeeadc25560c1fb3f00000000000000000000000000000000000000000000000000000000 --chain crab
0x
+ seth send -F 0x7aE77149ed38c5dD313e9069d790Ce7085caf0A6 0x0050F880c35c31c13BFd9cBb7D28AafaEcA3abd2 'submitTransaction(address,uint,bytes)' 0x000000000f681D85374225EdEeADC25560C1fb3F 0 0x01d5062a00000000000000000000000094c614daefdbf151e1bb53d6a201ae5ff56a9337000000000000000000000000000000000000000000000000000000000000000000000000000000000000000000000000000000000000000000000000000000c00000000000000000000000000000000000000000000000000000000000000000000000000000000000000000000000000000000000000000000000000000000000000000000000000000000000000000000000000000000000000000000007080000000000000000000000000000000000000000000000000000000000000024c69bebe4000000000000000000000000000000000f681d85374225edeeadc25560c1fb3f00000000000000000000000000000000000000000000000000000000 --chain crab
seth-send: Published transaction with 452 bytes of calldata.
seth-send: 0xe73524c24588f70c944c3f76960d9160b1e702d33d4f8d5aafa4989955130ad8
seth-send: Waiting for transaction receipt......
seth-send: Transaction included in block 1753012.
++ seth call 0x0050F880c35c31c13BFd9cBb7D28AafaEcA3abd2 'transactionCount()(uint)' --chain crab
+ count=39
+ seth call 0x0050F880c35c31c13BFd9cBb7D28AafaEcA3abd2 'transactions(uint)(address,uint,bytes,bool)' 38 --chain crab
0x000000000f681D85374225EdEeADC25560C1fb3F
0
0x01d5062a00000000000000000000000094c614daefdbf151e1bb53d6a201ae5ff56a9337000000000000000000000000000000000000000000000000000000000000000000000000000000000000000000000000000000000000000000000000000000c00000000000000000000000000000000000000000000000000000000000000000000000000000000000000000000000000000000000000000000000000000000000000000000000000000000000000000000000000000000000000000000007080000000000000000000000000000000000000000000000000000000000000024c69bebe4000000000000000000000000000000000f681d85374225edeeadc25560c1fb3f00000000000000000000000000000000000000000000000000000000
false

+ seth send 0x000000000f681D85374225EdEeADC25560C1fb3F 'execute(address,uint256,bytes,bytes32,bytes32)' 0x94C614DAeFDbf151E1BB53d6A201ae5fF56A9337 0 0xc69bebe4000000000000000000000000000000000f681d85374225edeeadc25560c1fb3f 0x0000000000000000000000000000000000000000000000000000000000000000 0x0000000000000000000000000000000000000000000000000000000000000000 --chain crab
seth-send: Published transaction with 260 bytes of calldata.
seth-send: 0x38bd5a8cae53a581041788d061323ec214c5160681cba1293dbdfe3635eaeb30
seth-send: Waiting for transaction receipt.....
seth-send: Transaction included in block 1759677.
