+ WALLET=0x0050F880c35c31c13BFd9cBb7D28AafaEcA3abd2
+ TIMELOCK=0x2401224012bAE7C2f217392665CA7abC16dCDE1e
+ LP=0x05F0Bc920A23D1662764907910b150C819C110aa
+ TREASURY=0x6D6f646c64612f74727372790000000000000000
+ SALT=0x0000000000000000000000000000000000000000000000000000000000000033
+ PREDECESSOR=0x0000000000000000000000000000000000000000000000000000000000000000
+ DELAY=1800
++ seth call 0x05F0Bc920A23D1662764907910b150C819C110aa 'balanceOf(address)(uint)' 0x2401224012bAE7C2f217392665CA7abC16dCDE1e --chain crab
+ wad=12568565767522379105723006
+ target=0x05F0Bc920A23D1662764907910b150C819C110aa
+ value=0
++ seth calldata 'transfer(address,uint)' 0x6D6f646c64612f74727372790000000000000000 12568565767522379105723006
+ data1=0xa9059cbb0000000000000000000000006d6f646c64612f747273727900000000000000000000000000000000000000000000000000000000000a657f50c52e337a76627e
++ seth calldata 'schedule(address,uint256,bytes,bytes32,bytes32,uint256)' 0x05F0Bc920A23D1662764907910b150C819C110aa 0 0xa9059cbb0000000000000000000000006d6f646c64612f747273727900000000000000000000000000000000000000000000000000000000000a657f50c52e337a76627e 0x0000000000000000000000000000000000000000000000000000000000000000 0x0000000000000000000000000000000000000000000000000000000000000033 1800
+ data=0x01d5062a00000000000000000000000005f0bc920a23d1662764907910b150c819c110aa000000000000000000000000000000000000000000000000000000000000000000000000000000000000000000000000000000000000000000000000000000c00000000000000000000000000000000000000000000000000000000000000000000000000000000000000000000000000000000000000000000000000000003300000000000000000000000000000000000000000000000000000000000007080000000000000000000000000000000000000000000000000000000000000044a9059cbb0000000000000000000000006d6f646c64612f747273727900000000000000000000000000000000000000000000000000000000000a657f50c52e337a76627e00000000000000000000000000000000000000000000000000000000
+ seth call -F 0x0050F880c35c31c13BFd9cBb7D28AafaEcA3abd2 0x2401224012bAE7C2f217392665CA7abC16dCDE1e 0x01d5062a00000000000000000000000005f0bc920a23d1662764907910b150c819c110aa000000000000000000000000000000000000000000000000000000000000000000000000000000000000000000000000000000000000000000000000000000c00000000000000000000000000000000000000000000000000000000000000000000000000000000000000000000000000000000000000000000000000000003300000000000000000000000000000000000000000000000000000000000007080000000000000000000000000000000000000000000000000000000000000044a9059cbb0000000000000000000000006d6f646c64612f747273727900000000000000000000000000000000000000000000000000000000000a657f50c52e337a76627e00000000000000000000000000000000000000000000000000000000 --chain crab
0x
+ seth send 0x0050F880c35c31c13BFd9cBb7D28AafaEcA3abd2 'submitTransaction(address,uint,bytes)' 0x2401224012bAE7C2f217392665CA7abC16dCDE1e 0 0x01d5062a00000000000000000000000005f0bc920a23d1662764907910b150c819c110aa000000000000000000000000000000000000000000000000000000000000000000000000000000000000000000000000000000000000000000000000000000c00000000000000000000000000000000000000000000000000000000000000000000000000000000000000000000000000000000000000000000000000000003300000000000000000000000000000000000000000000000000000000000007080000000000000000000000000000000000000000000000000000000000000044a9059cbb0000000000000000000000006d6f646c64612f747273727900000000000000000000000000000000000000000000000000000000000a657f50c52e337a76627e00000000000000000000000000000000000000000000000000000000 --chain crab
seth-send: Published transaction with 484 bytes of calldata.
seth-send: 0x98759ff704c0bd5dfe01d0e616c80cd42b40f848aac64a412984d7c67cc89002
seth-send: Waiting for transaction receipt......
seth-send: Transaction included in block 2018219.
++ seth call 0x0050F880c35c31c13BFd9cBb7D28AafaEcA3abd2 'transactionCount()(uint)' --chain crab
+ count=41
+ seth call 0x0050F880c35c31c13BFd9cBb7D28AafaEcA3abd2 'transactions(uint)(address,uint,bytes,bool)' 40 --chain crab
0x2401224012bAE7C2f217392665CA7abC16dCDE1e
0
0x01d5062a00000000000000000000000005f0bc920a23d1662764907910b150c819c110aa000000000000000000000000000000000000000000000000000000000000000000000000000000000000000000000000000000000000000000000000000000c00000000000000000000000000000000000000000000000000000000000000000000000000000000000000000000000000000000000000000000000000000003300000000000000000000000000000000000000000000000000000000000007080000000000000000000000000000000000000000000000000000000000000044a9059cbb0000000000000000000000006d6f646c64612f747273727900000000000000000000000000000000000000000000000000000000000a657f50c52e337a76627e00000000000000000000000000000000000000000000000000000000
false
