+ OWNER=0x7aE77149ed38c5dD313e9069d790Ce7085caf0A6
+ WALLET=0x0050F880c35c31c13BFd9cBb7D28AafaEcA3abd2
+ TIMELOCK=0x000000000f681D85374225EdEeADC25560C1fb3F
+ BRIDGE=0xa64D1c284280b22f921E7B2A55040C7bbfD4d9d0
+ SALT=0x0000000000000000000000000000000000000000000000000000000000000001
+ PREDECESSOR=0x0000000000000000000000000000000000000000000000000000000000000000
+ DELAY=1800
+ target=0xa64D1c284280b22f921E7B2A55040C7bbfD4d9d0
+ value=0
++ seth calldata 'setDailyLimit(address,uint256)' 0x2D2b97EA380b0185e9fDF8271d1AFB5d2Bf18329 60000000000000000000000000
+ data1=0x2803212f0000000000000000000000002d2b97ea380b0185e9fdf8271d1afb5d2bf1832900000000000000000000000000000000000000000031a17e847807b1bc000000
++ seth calldata 'schedule(address,uint256,bytes,bytes32,bytes32,uint256)' 0xa64D1c284280b22f921E7B2A55040C7bbfD4d9d0 0 0x2803212f0000000000000000000000002d2b97ea380b0185e9fdf8271d1afb5d2bf1832900000000000000000000000000000000000000000031a17e847807b1bc000000 0x0000000000000000000000000000000000000000000000000000000000000000 0x0000000000000000000000000000000000000000000000000000000000000001 1800
+ data=0x01d5062a000000000000000000000000a64d1c284280b22f921e7b2a55040c7bbfd4d9d0000000000000000000000000000000000000000000000000000000000000000000000000000000000000000000000000000000000000000000000000000000c000000000000000000000000000000000000000000000000000000000000000000000000000000000000000000000000000000000000000000000000000000001000000000000000000000000000000000000000000000000000000000000070800000000000000000000000000000000000000000000000000000000000000442803212f0000000000000000000000002d2b97ea380b0185e9fdf8271d1afb5d2bf1832900000000000000000000000000000000000000000031a17e847807b1bc00000000000000000000000000000000000000000000000000000000000000
+ seth call -F 0x0050F880c35c31c13BFd9cBb7D28AafaEcA3abd2 0x000000000f681D85374225EdEeADC25560C1fb3F 0x01d5062a000000000000000000000000a64d1c284280b22f921e7b2a55040c7bbfd4d9d0000000000000000000000000000000000000000000000000000000000000000000000000000000000000000000000000000000000000000000000000000000c000000000000000000000000000000000000000000000000000000000000000000000000000000000000000000000000000000000000000000000000000000001000000000000000000000000000000000000000000000000000000000000070800000000000000000000000000000000000000000000000000000000000000442803212f0000000000000000000000002d2b97ea380b0185e9fdf8271d1afb5d2bf1832900000000000000000000000000000000000000000031a17e847807b1bc00000000000000000000000000000000000000000000000000000000000000 --chain crab
0x
+ seth call -F 0x0050F880c35c31c13BFd9cBb7D28AafaEcA3abd2 0x000000000f681D85374225EdEeADC25560C1fb3F 0x01d5062a000000000000000000000000a64d1c284280b22f921e7b2a55040c7bbfd4d9d0000000000000000000000000000000000000000000000000000000000000000000000000000000000000000000000000000000000000000000000000000000c000000000000000000000000000000000000000000000000000000000000000000000000000000000000000000000000000000000000000000000000000000001000000000000000000000000000000000000000000000000000000000000070800000000000000000000000000000000000000000000000000000000000000442803212f0000000000000000000000002d2b97ea380b0185e9fdf8271d1afb5d2bf1832900000000000000000000000000000000000000000031a17e847807b1bc00000000000000000000000000000000000000000000000000000000000000 --chain crab
0x
+ seth send -F 0x7aE77149ed38c5dD313e9069d790Ce7085caf0A6 0x0050F880c35c31c13BFd9cBb7D28AafaEcA3abd2 'submitTransaction(address,uint,bytes)' 0x000000000f681D85374225EdEeADC25560C1fb3F 0 0x01d5062a000000000000000000000000a64d1c284280b22f921e7b2a55040c7bbfd4d9d0000000000000000000000000000000000000000000000000000000000000000000000000000000000000000000000000000000000000000000000000000000c000000000000000000000000000000000000000000000000000000000000000000000000000000000000000000000000000000000000000000000000000000001000000000000000000000000000000000000000000000000000000000000070800000000000000000000000000000000000000000000000000000000000000442803212f0000000000000000000000002d2b97ea380b0185e9fdf8271d1afb5d2bf1832900000000000000000000000000000000000000000031a17e847807b1bc00000000000000000000000000000000000000000000000000000000000000 --chain crab
seth-send: Published transaction with 484 bytes of calldata.
seth-send: 0x9428d9b47018c47200fb57d5272ff2fa322198b7258fbfeb703ef0f1bf41cef7
seth-send: Waiting for transaction receipt........
seth-send: Transaction included in block 2576484.
++ seth call 0x0050F880c35c31c13BFd9cBb7D28AafaEcA3abd2 'transactionCount()(uint)' --chain crab
+ count=50
+ seth call 0x0050F880c35c31c13BFd9cBb7D28AafaEcA3abd2 'transactions(uint)(address,uint,bytes,bool)' 49 --chain crab
0x000000000f681D85374225EdEeADC25560C1fb3F
0
0x01d5062a000000000000000000000000a64d1c284280b22f921e7b2a55040c7bbfd4d9d0000000000000000000000000000000000000000000000000000000000000000000000000000000000000000000000000000000000000000000000000000000c000000000000000000000000000000000000000000000000000000000000000000000000000000000000000000000000000000000000000000000000000000001000000000000000000000000000000000000000000000000000000000000070800000000000000000000000000000000000000000000000000000000000000442803212f0000000000000000000000002d2b97ea380b0185e9fdf8271d1afb5d2bf1832900000000000000000000000000000000000000000031a17e847807b1bc00000000000000000000000000000000000000000000000000000000000000
false
