+ OWNER=0x7aE77149ed38c5dD313e9069d790Ce7085caf0A6
+ WALLET=0x0050F880c35c31c13BFd9cBb7D28AafaEcA3abd2
+ TIMELOCK=0x000000000f681D85374225EdEeADC25560C1fb3F
+ SPHINX_DAO=0xD0a0899c5dc2FEb253D57Ab0b7c6d1b1Fcbbf824
+ SALT=0x0000000000000000000000000000000000000000000000000000000000000000
+ PREDECESSOR=0x0000000000000000000000000000000000000000000000000000000000000000
+ DELAY=1800
+ targets='[0x65be094765731f394bc6d9df53bdf3376f1fc8b0]'
+ values='[0]'
++ seth calldata 'transferOwnership(address)' 0xD0a0899c5dc2FEb253D57Ab0b7c6d1b1Fcbbf824
+ data1=0xf2fde38b000000000000000000000000d0a0899c5dc2feb253d57ab0b7c6d1b1fcbbf824
+ datas='[0xf2fde38b000000000000000000000000d0a0899c5dc2feb253d57ab0b7c6d1b1fcbbf824]'
++ seth calldata 'scheduleBatch(address[],uint256[],bytes[],bytes32,bytes32,uint256)' '[0x65be094765731f394bc6d9df53bdf3376f1fc8b0]' '[0]' '[0xf2fde38b000000000000000000000000d0a0899c5dc2feb253d57ab0b7c6d1b1fcbbf824]' 0x0000000000000000000000000000000000000000000000000000000000000000 0x0000000000000000000000000000000000000000000000000000000000000000 1800
+ data=0x8f2a0bb000000000000000000000000000000000000000000000000000000000000000c000000000000000000000000000000000000000000000000000000000000001000000000000000000000000000000000000000000000000000000000000000140000000000000000000000000000000000000000000000000000000000000000000000000000000000000000000000000000000000000000000000000000000000000000000000000000000000000000000000000000000000000000000000708000000000000000000000000000000000000000000000000000000000000000100000000000000000000000065be094765731f394bc6d9df53bdf3376f1fc8b000000000000000000000000000000000000000000000000000000000000000010000000000000000000000000000000000000000000000000000000000000000000000000000000000000000000000000000000000000000000000000000000100000000000000000000000000000000000000000000000000000000000000200000000000000000000000000000000000000000000000000000000000000024f2fde38b000000000000000000000000d0a0899c5dc2feb253d57ab0b7c6d1b1fcbbf82400000000000000000000000000000000000000000000000000000000
+ seth call -F 0x0050F880c35c31c13BFd9cBb7D28AafaEcA3abd2 0x000000000f681D85374225EdEeADC25560C1fb3F 0x8f2a0bb000000000000000000000000000000000000000000000000000000000000000c000000000000000000000000000000000000000000000000000000000000001000000000000000000000000000000000000000000000000000000000000000140000000000000000000000000000000000000000000000000000000000000000000000000000000000000000000000000000000000000000000000000000000000000000000000000000000000000000000000000000000000000000000000708000000000000000000000000000000000000000000000000000000000000000100000000000000000000000065be094765731f394bc6d9df53bdf3376f1fc8b000000000000000000000000000000000000000000000000000000000000000010000000000000000000000000000000000000000000000000000000000000000000000000000000000000000000000000000000000000000000000000000000100000000000000000000000000000000000000000000000000000000000000200000000000000000000000000000000000000000000000000000000000000024f2fde38b000000000000000000000000d0a0899c5dc2feb253d57ab0b7c6d1b1fcbbf82400000000000000000000000000000000000000000000000000000000 --chain crab
0x
+ seth send -F 0x7aE77149ed38c5dD313e9069d790Ce7085caf0A6 0x0050F880c35c31c13BFd9cBb7D28AafaEcA3abd2 'submitTransaction(address,uint,bytes)' 0x000000000f681D85374225EdEeADC25560C1fb3F 0 0x8f2a0bb000000000000000000000000000000000000000000000000000000000000000c000000000000000000000000000000000000000000000000000000000000001000000000000000000000000000000000000000000000000000000000000000140000000000000000000000000000000000000000000000000000000000000000000000000000000000000000000000000000000000000000000000000000000000000000000000000000000000000000000000000000000000000000000000708000000000000000000000000000000000000000000000000000000000000000100000000000000000000000065be094765731f394bc6d9df53bdf3376f1fc8b000000000000000000000000000000000000000000000000000000000000000010000000000000000000000000000000000000000000000000000000000000000000000000000000000000000000000000000000000000000000000000000000100000000000000000000000000000000000000000000000000000000000000200000000000000000000000000000000000000000000000000000000000000024f2fde38b000000000000000000000000d0a0899c5dc2feb253d57ab0b7c6d1b1fcbbf82400000000000000000000000000000000000000000000000000000000 --chain crab
seth-send: Published transaction with 644 bytes of calldata.
seth-send: 0x9561380b7e35ce04f6bbcd33f241cccecd6af8df8e5f6feda20b5fa214e856c1
seth-send: Waiting for transaction receipt.......
seth-send: Transaction included in block 2900968.
++ seth call 0x0050F880c35c31c13BFd9cBb7D28AafaEcA3abd2 'transactionCount()(uint)' --chain crab
+ count=51
+ seth call 0x0050F880c35c31c13BFd9cBb7D28AafaEcA3abd2 'transactions(uint)(address,uint,bytes,bool)' 50 --chain crab
0x000000000f681D85374225EdEeADC25560C1fb3F
0
0x8f2a0bb000000000000000000000000000000000000000000000000000000000000000c000000000000000000000000000000000000000000000000000000000000001000000000000000000000000000000000000000000000000000000000000000140000000000000000000000000000000000000000000000000000000000000000000000000000000000000000000000000000000000000000000000000000000000000000000000000000000000000000000000000000000000000000000000708000000000000000000000000000000000000000000000000000000000000000100000000000000000000000065be094765731f394bc6d9df53bdf3376f1fc8b000000000000000000000000000000000000000000000000000000000000000010000000000000000000000000000000000000000000000000000000000000000000000000000000000000000000000000000000000000000000000000000000100000000000000000000000000000000000000000000000000000000000000200000000000000000000000000000000000000000000000000000000000000024f2fde38b000000000000000000000000d0a0899c5dc2feb253d57ab0b7c6d1b1fcbbf82400000000000000000000000000000000000000000000000000000000
false

+ seth send 0x000000000f681D85374225EdEeADC25560C1fb3F 'executeBatch(address[],uint256[],bytes[],bytes32,bytes32)' '[0x65be094765731f394bc6d9df53bdf3376f1fc8b0]' '[0]' '[0xf2fde38b000000000000000000000000d0a0899c5dc2feb253d57ab0b7c6d1b1fcbbf824]' 0x0000000000000000000000000000000000000000000000000000000000000000 0x0000000000000000000000000000000000000000000000000000000000000000 --chain crab
seth-send: Published transaction with 452 bytes of calldata.
seth-send: 0x271de1fc2650c3d6d7d0132bfd76072cad22b805514b87b5f32957c0b1eaa7e1
seth-send: Waiting for transaction receipt......
seth-send: Transaction included in block 2901209.
