+ WALLET=0x0050F880c35c31c13BFd9cBb7D28AafaEcA3abd2
+ TIMELOCK=0x2401224012bAE7C2f217392665CA7abC16dCDE1e
+ Erc20Sub2SubMappingTokenFactoryProxy=0x8738A64392b71617aF4C685d0E827855c741fDF7
+ xWRING=0x273131F7CB50ac002BDd08cA721988731F7e1092
+ SALT=0x000000000000000000000000000000000000000000000000000000000000000d
+ PREDECESSOR=0x0000000000000000000000000000000000000000000000000000000000000000
+ DELAY=1800
+ target=0x8738A64392b71617aF4C685d0E827855c741fDF7
+ value=0
++ seth calldata 'changeDailyLimit(address,uint256)' 0x273131F7CB50ac002BDd08cA721988731F7e1092 60000000000000000000000000
+ data1=0x81c5e03b000000000000000000000000273131f7cb50ac002bdd08ca721988731f7e109200000000000000000000000000000000000000000031a17e847807b1bc000000
++ seth calldata 'schedule(address,uint256,bytes,bytes32,bytes32,uint256)' 0x8738A64392b71617aF4C685d0E827855c741fDF7 0 0x81c5e03b000000000000000000000000273131f7cb50ac002bdd08ca721988731f7e109200000000000000000000000000000000000000000031a17e847807b1bc000000 0x0000000000000000000000000000000000000000000000000000000000000000 0x000000000000000000000000000000000000000000000000000000000000000d 1800
+ data=0x01d5062a0000000000000000000000008738a64392b71617af4c685d0e827855c741fdf7000000000000000000000000000000000000000000000000000000000000000000000000000000000000000000000000000000000000000000000000000000c00000000000000000000000000000000000000000000000000000000000000000000000000000000000000000000000000000000000000000000000000000000d0000000000000000000000000000000000000000000000000000000000000708000000000000000000000000000000000000000000000000000000000000004481c5e03b000000000000000000000000273131f7cb50ac002bdd08ca721988731f7e109200000000000000000000000000000000000000000031a17e847807b1bc00000000000000000000000000000000000000000000000000000000000000
+ seth call -F 0x0050F880c35c31c13BFd9cBb7D28AafaEcA3abd2 0x2401224012bAE7C2f217392665CA7abC16dCDE1e 0x01d5062a0000000000000000000000008738a64392b71617af4c685d0e827855c741fdf7000000000000000000000000000000000000000000000000000000000000000000000000000000000000000000000000000000000000000000000000000000c00000000000000000000000000000000000000000000000000000000000000000000000000000000000000000000000000000000000000000000000000000000d0000000000000000000000000000000000000000000000000000000000000708000000000000000000000000000000000000000000000000000000000000004481c5e03b000000000000000000000000273131f7cb50ac002bdd08ca721988731f7e109200000000000000000000000000000000000000000031a17e847807b1bc00000000000000000000000000000000000000000000000000000000000000
0x
+ seth send 0x0050F880c35c31c13BFd9cBb7D28AafaEcA3abd2 'submitTransaction(address,uint,bytes)' 0x2401224012bAE7C2f217392665CA7abC16dCDE1e 0 0x01d5062a0000000000000000000000008738a64392b71617af4c685d0e827855c741fdf7000000000000000000000000000000000000000000000000000000000000000000000000000000000000000000000000000000000000000000000000000000c00000000000000000000000000000000000000000000000000000000000000000000000000000000000000000000000000000000000000000000000000000000d0000000000000000000000000000000000000000000000000000000000000708000000000000000000000000000000000000000000000000000000000000004481c5e03b000000000000000000000000273131f7cb50ac002bdd08ca721988731f7e109200000000000000000000000000000000000000000031a17e847807b1bc00000000000000000000000000000000000000000000000000000000000000
seth-send: Published transaction with 484 bytes of calldata.
seth-send: 0x1bcc14c04cd245c2e7d77495ac5159a3b4b00a28fd696c57d54805293b1f38d4
seth-send: Waiting for transaction receipt....
seth-send: Transaction included in block 12140277.
++ seth call 0x0050F880c35c31c13BFd9cBb7D28AafaEcA3abd2 'transactionCount()(uint)'
+ count=17
+ seth call 0x0050F880c35c31c13BFd9cBb7D28AafaEcA3abd2 'transactions(uint)(address,uint,bytes,bool)' 16
0x2401224012bAE7C2f217392665CA7abC16dCDE1e
0
0x01d5062a0000000000000000000000008738a64392b71617af4c685d0e827855c741fdf7000000000000000000000000000000000000000000000000000000000000000000000000000000000000000000000000000000000000000000000000000000c00000000000000000000000000000000000000000000000000000000000000000000000000000000000000000000000000000000000000000000000000000000d0000000000000000000000000000000000000000000000000000000000000708000000000000000000000000000000000000000000000000000000000000004481c5e03b000000000000000000000000273131f7cb50ac002bdd08ca721988731f7e109200000000000000000000000000000000000000000031a17e847807b1bc00000000000000000000000000000000000000000000000000000000000000
false

+ seth send 0x2401224012bAE7C2f217392665CA7abC16dCDE1e 'execute(address,uint256,bytes,bytes32,bytes32)' 0x8738A64392b71617aF4C685d0E827855c741fDF7 0 0x81c5e03b000000000000000000000000273131f7cb50ac002bdd08ca721988731f7e109200000000000000000000000000000000000000000031a17e847807b1bc000000 0x0000000000000000000000000000000000000000000000000000000000000000 0x000000000000000000000000000000000000000000000000000000000000000d
seth-send: Published transaction with 292 bytes of calldata.
seth-send: 0x94800a100bb4520e5985357e63e084f8145ab9668e78a528361ebe0d4c7238d3
seth-send: Waiting for transaction receipt....
seth-send: Transaction included in block 12140748.
