+ WALLET=0x0050F880c35c31c13BFd9cBb7D28AafaEcA3abd2
+ TIMELOCK=0x2401224012bAE7C2f217392665CA7abC16dCDE1e
+ S2SMAPPINGTOKENFACTORYPROXY=0x3CC8913088F79831c8335f0307f4FC92d79C1ac7
+ SALT=0x000000000000000000000000000000000000000000000000000000000000000c
+ PREDECESSOR=0x0000000000000000000000000000000000000000000000000000000000000000
+ DELAY=1800
+ target=0x3CC8913088F79831c8335f0307f4FC92d79C1ac7
+ value=0
++ seth calldata 'pause()'
+ data1=0x8456cb59
++ seth calldata 'schedule(address,uint256,bytes,bytes32,bytes32,uint256)' 0x3CC8913088F79831c8335f0307f4FC92d79C1ac7 0 0x8456cb59 0x0000000000000000000000000000000000000000000000000000000000000000 0x000000000000000000000000000000000000000000000000000000000000000c 1800
+ data=0x01d5062a0000000000000000000000003cc8913088f79831c8335f0307f4fc92d79c1ac7000000000000000000000000000000000000000000000000000000000000000000000000000000000000000000000000000000000000000000000000000000c00000000000000000000000000000000000000000000000000000000000000000000000000000000000000000000000000000000000000000000000000000000c000000000000000000000000000000000000000000000000000000000000070800000000000000000000000000000000000000000000000000000000000000048456cb5900000000000000000000000000000000000000000000000000000000
+ seth send 0x0050F880c35c31c13BFd9cBb7D28AafaEcA3abd2 'submitTransaction(address,uint,bytes)' 0x2401224012bAE7C2f217392665CA7abC16dCDE1e 0 0x01d5062a0000000000000000000000003cc8913088f79831c8335f0307f4fc92d79c1ac7000000000000000000000000000000000000000000000000000000000000000000000000000000000000000000000000000000000000000000000000000000c00000000000000000000000000000000000000000000000000000000000000000000000000000000000000000000000000000000000000000000000000000000c000000000000000000000000000000000000000000000000000000000000070800000000000000000000000000000000000000000000000000000000000000048456cb5900000000000000000000000000000000000000000000000000000000
seth-send: Published transaction with 420 bytes of calldata.
seth-send: 0x16206fdaf1df0031ce71894229a4e02f5b3aff04ac730c42aaccc6bcd697392f
seth-send: Waiting for transaction receipt....
seth-send: Transaction included in block 12040342.
++ seth call 0x0050F880c35c31c13BFd9cBb7D28AafaEcA3abd2 'transactionCount()(uint)'
+ count=16
+ seth call 0x0050F880c35c31c13BFd9cBb7D28AafaEcA3abd2 'transactions(uint)(address,uint,bytes,bool)' 15
0x2401224012bAE7C2f217392665CA7abC16dCDE1e
0
0x01d5062a0000000000000000000000003cc8913088f79831c8335f0307f4fc92d79c1ac7000000000000000000000000000000000000000000000000000000000000000000000000000000000000000000000000000000000000000000000000000000c00000000000000000000000000000000000000000000000000000000000000000000000000000000000000000000000000000000000000000000000000000000c000000000000000000000000000000000000000000000000000000000000070800000000000000000000000000000000000000000000000000000000000000048456cb5900000000000000000000000000000000000000000000000000000000
false
