+ WALLET=0x0050F880c35c31c13BFd9cBb7D28AafaEcA3abd2
+ TIMELOCK=0x2401224012bAE7C2f217392665CA7abC16dCDE1e
+ PROXY=0x8738A64392b71617aF4C685d0E827855c741fDF7
+ XWTOKEN=0x273131F7CB50ac002BDd08cA721988731F7e1092
+ SALT=0x0000000000000000000000000000000000000000000000000000000000000011
+ PREDECESSOR=0x0000000000000000000000000000000000000000000000000000000000000000
+ DELAY=1800
+ target=0x8738A64392b71617aF4C685d0E827855c741fDF7
+ value=0
++ seth calldata 'setMappingNativeWrappedToken(address)' 0x273131F7CB50ac002BDd08cA721988731F7e1092
+ data1=0xc01fc547000000000000000000000000273131f7cb50ac002bdd08ca721988731f7e1092
++ seth calldata 'schedule(address,uint256,bytes,bytes32,bytes32,uint256)' 0x8738A64392b71617aF4C685d0E827855c741fDF7 0 0xc01fc547000000000000000000000000273131f7cb50ac002bdd08ca721988731f7e1092 0x0000000000000000000000000000000000000000000000000000000000000000 0x0000000000000000000000000000000000000000000000000000000000000011 1800
+ data=0x01d5062a0000000000000000000000008738a64392b71617af4c685d0e827855c741fdf7000000000000000000000000000000000000000000000000000000000000000000000000000000000000000000000000000000000000000000000000000000c00000000000000000000000000000000000000000000000000000000000000000000000000000000000000000000000000000000000000000000000000000001100000000000000000000000000000000000000000000000000000000000007080000000000000000000000000000000000000000000000000000000000000024c01fc547000000000000000000000000273131f7cb50ac002bdd08ca721988731f7e109200000000000000000000000000000000000000000000000000000000
+ seth call -F 0x0050F880c35c31c13BFd9cBb7D28AafaEcA3abd2 0x2401224012bAE7C2f217392665CA7abC16dCDE1e 0x01d5062a0000000000000000000000008738a64392b71617af4c685d0e827855c741fdf7000000000000000000000000000000000000000000000000000000000000000000000000000000000000000000000000000000000000000000000000000000c00000000000000000000000000000000000000000000000000000000000000000000000000000000000000000000000000000000000000000000000000000001100000000000000000000000000000000000000000000000000000000000007080000000000000000000000000000000000000000000000000000000000000024c01fc547000000000000000000000000273131f7cb50ac002bdd08ca721988731f7e109200000000000000000000000000000000000000000000000000000000
0x
+ seth send 0x0050F880c35c31c13BFd9cBb7D28AafaEcA3abd2 'submitTransaction(address,uint,bytes)' 0x2401224012bAE7C2f217392665CA7abC16dCDE1e 0 0x01d5062a0000000000000000000000008738a64392b71617af4c685d0e827855c741fdf7000000000000000000000000000000000000000000000000000000000000000000000000000000000000000000000000000000000000000000000000000000c00000000000000000000000000000000000000000000000000000000000000000000000000000000000000000000000000000000000000000000000000000001100000000000000000000000000000000000000000000000000000000000007080000000000000000000000000000000000000000000000000000000000000024c01fc547000000000000000000000000273131f7cb50ac002bdd08ca721988731f7e109200000000000000000000000000000000000000000000000000000000
seth-send: Published transaction with 452 bytes of calldata.
seth-send: 0x6db719867ba125b88c3cc43e10704c0ba32100589b30a4417c09b29f435a5342
seth-send: Waiting for transaction receipt....
seth-send: Transaction included in block 13763026.
++ seth call 0x0050F880c35c31c13BFd9cBb7D28AafaEcA3abd2 'transactionCount()(uint)'
+ count=27
+ seth call 0x0050F880c35c31c13BFd9cBb7D28AafaEcA3abd2 'transactions(uint)(address,uint,bytes,bool)' 26
0x2401224012bAE7C2f217392665CA7abC16dCDE1e
0
0x01d5062a0000000000000000000000008738a64392b71617af4c685d0e827855c741fdf7000000000000000000000000000000000000000000000000000000000000000000000000000000000000000000000000000000000000000000000000000000c00000000000000000000000000000000000000000000000000000000000000000000000000000000000000000000000000000000000000000000000000000001100000000000000000000000000000000000000000000000000000000000007080000000000000000000000000000000000000000000000000000000000000024c01fc547000000000000000000000000273131f7cb50ac002bdd08ca721988731f7e109200000000000000000000000000000000000000000000000000000000
false
