+ WALLET=0x0050F880c35c31c13BFd9cBb7D28AafaEcA3abd2
+ TIMELOCK=0x2401224012bAE7C2f217392665CA7abC16dCDE1e
+ SALT=0x000000000000000000000000000000000000000000000000000000000000000f
+ PREDECESSOR=0x0000000000000000000000000000000000000000000000000000000000000000
+ DELAY=1800
+ target=0x8c585F9791EE5b4B23fe82888cE576DBB69607eB
+ value=462005343212648000000000
+ data1=0x
++ seth calldata 'schedule(address,uint256,bytes,bytes32,bytes32,uint256)' 0x8c585F9791EE5b4B23fe82888cE576DBB69607eB 462005343212648000000000 0x 0x0000000000000000000000000000000000000000000000000000000000000000 0x000000000000000000000000000000000000000000000000000000000000000f 1800
+ data=0x01d5062a0000000000000000000000008c585f9791ee5b4b23fe82888ce576dbb69607eb0000000000000000000000000000000000000000000061d55c1e82afc82a100000000000000000000000000000000000000000000000000000000000000000c00000000000000000000000000000000000000000000000000000000000000000000000000000000000000000000000000000000000000000000000000000000f00000000000000000000000000000000000000000000000000000000000007080000000000000000000000000000000000000000000000000000000000000000
+ seth call -F 0x0050F880c35c31c13BFd9cBb7D28AafaEcA3abd2 0x2401224012bAE7C2f217392665CA7abC16dCDE1e 0x01d5062a0000000000000000000000008c585f9791ee5b4b23fe82888ce576dbb69607eb0000000000000000000000000000000000000000000061d55c1e82afc82a100000000000000000000000000000000000000000000000000000000000000000c00000000000000000000000000000000000000000000000000000000000000000000000000000000000000000000000000000000000000000000000000000000f00000000000000000000000000000000000000000000000000000000000007080000000000000000000000000000000000000000000000000000000000000000
0x
+ seth send 0x0050F880c35c31c13BFd9cBb7D28AafaEcA3abd2 'submitTransaction(address,uint,bytes)' 0x2401224012bAE7C2f217392665CA7abC16dCDE1e 0 0x01d5062a0000000000000000000000008c585f9791ee5b4b23fe82888ce576dbb69607eb0000000000000000000000000000000000000000000061d55c1e82afc82a100000000000000000000000000000000000000000000000000000000000000000c00000000000000000000000000000000000000000000000000000000000000000000000000000000000000000000000000000000000000000000000000000000f00000000000000000000000000000000000000000000000000000000000007080000000000000000000000000000000000000000000000000000000000000000
seth-send: Published transaction with 388 bytes of calldata.
seth-send: 0x0ed358ee12ce85120971e238a60085ac7db6be100cd0ce3ce9e99978c79c03a8
seth-send: Waiting for transaction receipt....
seth-send: Transaction included in block 13131774.
++ seth call 0x0050F880c35c31c13BFd9cBb7D28AafaEcA3abd2 'transactionCount()(uint)'
+ count=25
+ seth call 0x0050F880c35c31c13BFd9cBb7D28AafaEcA3abd2 'transactions(uint)(address,uint,bytes,bool)' 24
0x2401224012bAE7C2f217392665CA7abC16dCDE1e
0
0x01d5062a0000000000000000000000008c585f9791ee5b4b23fe82888ce576dbb69607eb0000000000000000000000000000000000000000000061d55c1e82afc82a100000000000000000000000000000000000000000000000000000000000000000c00000000000000000000000000000000000000000000000000000000000000000000000000000000000000000000000000000000000000000000000000000000f00000000000000000000000000000000000000000000000000000000000007080000000000000000000000000000000000000000000000000000000000000000
false

+ seth send 0x2401224012bAE7C2f217392665CA7abC16dCDE1e 'execute(address,uint256,bytes,bytes32,bytes32)' 0x8c585F9791EE5b4B23fe82888cE576DBB69607eB 462005343212648000000000 0x 0x0000000000000000000000000000000000000000000000000000000000000000 0x000000000000000000000000000000000000000000000000000000000000000f
seth-send: Published transaction with 196 bytes of calldata.
seth-send: 0x6f73166928734263895858959bd5e8887aede610887b98dd8fe7b73442a20847
seth-send: Waiting for transaction receipt...
seth-send: Transaction included in block 13132251.
