+ WALLET=0x0050F880c35c31c13BFd9cBb7D28AafaEcA3abd2
+ TIMELOCK=0x2401224012bAE7C2f217392665CA7abC16dCDE1e
+ ADMIN=0x9FA16146BA5b7d144927E46acd9ba143f7205Fc8
+ PROXY=0x8738A64392b71617aF4C685d0E827855c741fDF7
+ LOGIC=0x31588a248550a90Bb6Bf784434e17D9470Ea0659
+ SALT=0x0000000000000000000000000000000000000000000000000000000000000010
+ PREDECESSOR=0x0000000000000000000000000000000000000000000000000000000000000000
+ DELAY=1800
+ target=0x9FA16146BA5b7d144927E46acd9ba143f7205Fc8
+ value=0
++ seth calldata 'upgrade(address,address)' 0x8738A64392b71617aF4C685d0E827855c741fDF7 0x31588a248550a90Bb6Bf784434e17D9470Ea0659
+ data1=0x99a88ec40000000000000000000000008738a64392b71617af4c685d0e827855c741fdf700000000000000000000000031588a248550a90bb6bf784434e17d9470ea0659
++ seth calldata 'schedule(address,uint256,bytes,bytes32,bytes32,uint256)' 0x9FA16146BA5b7d144927E46acd9ba143f7205Fc8 0 0x99a88ec40000000000000000000000008738a64392b71617af4c685d0e827855c741fdf700000000000000000000000031588a248550a90bb6bf784434e17d9470ea0659 0x0000000000000000000000000000000000000000000000000000000000000000 0x0000000000000000000000000000000000000000000000000000000000000010 1800
+ data=0x01d5062a0000000000000000000000009fa16146ba5b7d144927e46acd9ba143f7205fc8000000000000000000000000000000000000000000000000000000000000000000000000000000000000000000000000000000000000000000000000000000c0000000000000000000000000000000000000000000000000000000000000000000000000000000000000000000000000000000000000000000000000000000100000000000000000000000000000000000000000000000000000000000000708000000000000000000000000000000000000000000000000000000000000004499a88ec40000000000000000000000008738a64392b71617af4c685d0e827855c741fdf700000000000000000000000031588a248550a90bb6bf784434e17d9470ea065900000000000000000000000000000000000000000000000000000000
+ seth call -F 0x0050F880c35c31c13BFd9cBb7D28AafaEcA3abd2 0x2401224012bAE7C2f217392665CA7abC16dCDE1e 0x01d5062a0000000000000000000000009fa16146ba5b7d144927e46acd9ba143f7205fc8000000000000000000000000000000000000000000000000000000000000000000000000000000000000000000000000000000000000000000000000000000c0000000000000000000000000000000000000000000000000000000000000000000000000000000000000000000000000000000000000000000000000000000100000000000000000000000000000000000000000000000000000000000000708000000000000000000000000000000000000000000000000000000000000004499a88ec40000000000000000000000008738a64392b71617af4c685d0e827855c741fdf700000000000000000000000031588a248550a90bb6bf784434e17d9470ea065900000000000000000000000000000000000000000000000000000000
0x
+ seth send 0x0050F880c35c31c13BFd9cBb7D28AafaEcA3abd2 'submitTransaction(address,uint,bytes)' 0x2401224012bAE7C2f217392665CA7abC16dCDE1e 0 0x01d5062a0000000000000000000000009fa16146ba5b7d144927e46acd9ba143f7205fc8000000000000000000000000000000000000000000000000000000000000000000000000000000000000000000000000000000000000000000000000000000c0000000000000000000000000000000000000000000000000000000000000000000000000000000000000000000000000000000000000000000000000000000100000000000000000000000000000000000000000000000000000000000000708000000000000000000000000000000000000000000000000000000000000004499a88ec40000000000000000000000008738a64392b71617af4c685d0e827855c741fdf700000000000000000000000031588a248550a90bb6bf784434e17d9470ea065900000000000000000000000000000000000000000000000000000000
seth-send: Published transaction with 484 bytes of calldata.
seth-send: 0x4fd4739f59495c79c9757fec4c5128faf4e1f9e1aef2c2498a7cd2821ae3c610
seth-send: Waiting for transaction receipt...
seth-send: Transaction included in block 13761419.

+ seth send 0x2401224012bAE7C2f217392665CA7abC16dCDE1e 'execute(address,uint256,bytes,bytes32,bytes32)' 0x9FA16146BA5b7d144927E46acd9ba143f7205Fc8 0 0x99a88ec40000000000000000000000008738a64392b71617af4c685d0e827855c741fdf700000000000000000000000031588a248550a90bb6bf784434e17d9470ea0659 0x0000000000000000000000000000000000000000000000000000000000000000 0x0000000000000000000000000000000000000000000000000000000000000010
seth-send: Published transaction with 292 bytes of calldata.
seth-send: 0x10ba7efb97c6a662986634df387469e429d4b8f098b0610f927313a502e82bc6
seth-send: Waiting for transaction receipt...
seth-send: Transaction included in block 13762600.
