+ WALLET=0xBd1a110ec476b4775c43905000288881367B1a88
+ TIMELOCK=0xA546F42BeB3DEa617b0F3Ca6995C7Df5dfCaD29D
+ Erc20Sub2EthBackingProxy=0xD1B10B114f1975d8BCc6cb6FC43519160e2AA978
+ ENDPOINT=0xaa69C8955636A623b2AB0AEE7366B4bB3677051D
+ SALT=0x000000000000000000000000000000000000000000000000000000000000000f
+ PREDECESSOR=0x0000000000000000000000000000000000000000000000000000000000000000
+ DELAY=1800
+ target=0xD1B10B114f1975d8BCc6cb6FC43519160e2AA978
+ value=0
++ seth calldata 'setMessageEndpoint(address)' 0xaa69C8955636A623b2AB0AEE7366B4bB3677051D
+ data1=0x4e79c1a0000000000000000000000000aa69c8955636a623b2ab0aee7366b4bb3677051d
++ seth calldata 'schedule(address,uint256,bytes,bytes32,bytes32,uint256)' 0xD1B10B114f1975d8BCc6cb6FC43519160e2AA978 0 0x4e79c1a0000000000000000000000000aa69c8955636a623b2ab0aee7366b4bb3677051d 0x0000000000000000000000000000000000000000000000000000000000000000 0x000000000000000000000000000000000000000000000000000000000000000f 1800
+ data=0x01d5062a000000000000000000000000d1b10b114f1975d8bcc6cb6fc43519160e2aa978000000000000000000000000000000000000000000000000000000000000000000000000000000000000000000000000000000000000000000000000000000c00000000000000000000000000000000000000000000000000000000000000000000000000000000000000000000000000000000000000000000000000000000f000000000000000000000000000000000000000000000000000000000000070800000000000000000000000000000000000000000000000000000000000000244e79c1a0000000000000000000000000aa69c8955636a623b2ab0aee7366b4bb3677051d00000000000000000000000000000000000000000000000000000000
+ seth send 0xBd1a110ec476b4775c43905000288881367B1a88 'submitTransaction(address,uint,bytes)' 0xA546F42BeB3DEa617b0F3Ca6995C7Df5dfCaD29D 0 0x01d5062a000000000000000000000000d1b10b114f1975d8bcc6cb6fc43519160e2aa978000000000000000000000000000000000000000000000000000000000000000000000000000000000000000000000000000000000000000000000000000000c00000000000000000000000000000000000000000000000000000000000000000000000000000000000000000000000000000000000000000000000000000000f000000000000000000000000000000000000000000000000000000000000070800000000000000000000000000000000000000000000000000000000000000244e79c1a0000000000000000000000000aa69c8955636a623b2ab0aee7366b4bb3677051d00000000000000000000000000000000000000000000000000000000 --chain darwinia
seth-send: Published transaction with 452 bytes of calldata.
seth-send: 0x8e1d2cca3834a25c066f8210d8aa89af60d7ad87a9b0085d2ee8c5f22168d249
seth-send: Waiting for transaction receipt.....
seth-send: Transaction included in block 142312.

++ seth call 0xBd1a110ec476b4775c43905000288881367B1a88 'transactionCount()(uint)' --chain darwinia
+ count=22
+ seth call 0xBd1a110ec476b4775c43905000288881367B1a88 'transactions(uint)(address,uint,bytes,bool)' 21 --chain darwinia
0xA546F42BeB3DEa617b0F3Ca6995C7Df5dfCaD29D
0
0x01d5062a000000000000000000000000d1b10b114f1975d8bcc6cb6fc43519160e2aa978000000000000000000000000000000000000000000000000000000000000000000000000000000000000000000000000000000000000000000000000000000c00000000000000000000000000000000000000000000000000000000000000000000000000000000000000000000000000000000000000000000000000000000f000000000000000000000000000000000000000000000000000000000000070800000000000000000000000000000000000000000000000000000000000000244e79c1a0000000000000000000000000aa69c8955636a623b2ab0aee7366b4bb3677051d00000000000000000000000000000000000000000000000000000000
false
