+ ETH_FROM=0x7aE77149ed38c5dD313e9069d790Ce7085caf0A6
+ WALLET=0xBd1a110ec476b4775c43905000288881367B1a88
+ WRING=0xE7578598Aac020abFB918f33A20faD5B71d670b4
+ BACKING=0xD1B10B114f1975d8BCc6cb6FC43519160e2AA978
++ seth --to-wei 200000000 ether
+ wad=200000000000000000000000000
++ seth calldata 'transfer(address,uint256)' 0xD1B10B114f1975d8BCc6cb6FC43519160e2AA978 200000000000000000000000000
+ data=0xa9059cbb000000000000000000000000d1b10b114f1975d8bcc6cb6fc43519160e2aa978000000000000000000000000000000000000000000a56fa5b99019a5c8000000
+ seth send -F 0x7aE77149ed38c5dD313e9069d790Ce7085caf0A6 0xBd1a110ec476b4775c43905000288881367B1a88 'submitTransaction(address,uint,bytes)' 0xE7578598Aac020abFB918f33A20faD5B71d670b4 0 0xa9059cbb000000000000000000000000d1b10b114f1975d8bcc6cb6fc43519160e2aa978000000000000000000000000000000000000000000a56fa5b99019a5c8000000 --chain darwinia
seth-send: Published transaction with 228 bytes of calldata.
seth-send: 0x8d9f5d1bd29e79bce5d69c3cdd430c81f6392c9eddc7bd8d7dd43876b00c9584
seth-send: Waiting for transaction receipt......
seth-send: Transaction included in block 1270949.
++ seth call -F 0x7aE77149ed38c5dD313e9069d790Ce7085caf0A6 0xBd1a110ec476b4775c43905000288881367B1a88 'transactionCount()(uint)' --chain darwinia
+ count=31
+ seth call -F 0x7aE77149ed38c5dD313e9069d790Ce7085caf0A6 0xBd1a110ec476b4775c43905000288881367B1a88 'transactions(uint)(address,uint,bytes,bool)' 30 --chain darwinia
0xE7578598Aac020abFB918f33A20faD5B71d670b4
0
0xa9059cbb000000000000000000000000d1b10b114f1975d8bcc6cb6fc43519160e2aa978000000000000000000000000000000000000000000a56fa5b99019a5c8000000
false
