+ ETH_FROM=0x7aE77149ed38c5dD313e9069d790Ce7085caf0A6
+ WALLET=0xBd1a110ec476b4775c43905000288881367B1a88
+ TIMELOCK=0xA546F42BeB3DEa617b0F3Ca6995C7Df5dfCaD29D
+ WRING=0xE7578598Aac020abFB918f33A20faD5B71d670b4
+ LNBRIDGE=0xD1B10B114f1975d8BCc6cb6FC43519160e2AA978
+ SALT=0x0000000000000000000000000000000000000000000000000000000000000034
+ PREDECESSOR=0x0000000000000000000000000000000000000000000000000000000000000000
+ DELAY=1800
+ target=0xD1B10B114f1975d8BCc6cb6FC43519160e2AA978
+ value=0
++ seth calldata 'changeDailyLimit(address,uint256)' 0xE7578598Aac020abFB918f33A20faD5B71d670b4 35000000000000000000000000
+ data1=0x81c5e03b000000000000000000000000e7578598aac020abfb918f33a20fad5b71d670b40000000000000000000000000000000000000000001cf389cd46047d03000000
++ seth calldata 'schedule(address,uint256,bytes,bytes32,bytes32,uint256)' 0xD1B10B114f1975d8BCc6cb6FC43519160e2AA978 0 0x81c5e03b000000000000000000000000e7578598aac020abfb918f33a20fad5b71d670b40000000000000000000000000000000000000000001cf389cd46047d03000000 0x0000000000000000000000000000000000000000000000000000000000000000 0x0000000000000000000000000000000000000000000000000000000000000034 1800
+ data=0x01d5062a000000000000000000000000d1b10b114f1975d8bcc6cb6fc43519160e2aa978000000000000000000000000000000000000000000000000000000000000000000000000000000000000000000000000000000000000000000000000000000c0000000000000000000000000000000000000000000000000000000000000000000000000000000000000000000000000000000000000000000000000000000340000000000000000000000000000000000000000000000000000000000000708000000000000000000000000000000000000000000000000000000000000004481c5e03b000000000000000000000000e7578598aac020abfb918f33a20fad5b71d670b40000000000000000000000000000000000000000001cf389cd46047d0300000000000000000000000000000000000000000000000000000000000000
+ seth send -F 0x7aE77149ed38c5dD313e9069d790Ce7085caf0A6 0xBd1a110ec476b4775c43905000288881367B1a88 'submitTransaction(address,uint,bytes)' 0xA546F42BeB3DEa617b0F3Ca6995C7Df5dfCaD29D 0 0x01d5062a000000000000000000000000d1b10b114f1975d8bcc6cb6fc43519160e2aa978000000000000000000000000000000000000000000000000000000000000000000000000000000000000000000000000000000000000000000000000000000c0000000000000000000000000000000000000000000000000000000000000000000000000000000000000000000000000000000000000000000000000000000340000000000000000000000000000000000000000000000000000000000000708000000000000000000000000000000000000000000000000000000000000004481c5e03b000000000000000000000000e7578598aac020abfb918f33a20fad5b71d670b40000000000000000000000000000000000000000001cf389cd46047d0300000000000000000000000000000000000000000000000000000000000000 --chain darwinia
seth-send: Published transaction with 484 bytes of calldata.
seth-send: 0x8c689ce14b5471a4eff2dc11704536c9960e9edccb7d235f1e9718f1e7070722
seth-send: Waiting for transaction receipt......
seth-send: Transaction included in block 1298938.
++ seth call 0xBd1a110ec476b4775c43905000288881367B1a88 'transactionCount()(uint)' --chain darwinia
+ count=32
+ seth call 0xBd1a110ec476b4775c43905000288881367B1a88 'transactions(uint)(address,uint,bytes,bool)' 31 --chain darwinia
0xA546F42BeB3DEa617b0F3Ca6995C7Df5dfCaD29D
0
0x01d5062a000000000000000000000000d1b10b114f1975d8bcc6cb6fc43519160e2aa978000000000000000000000000000000000000000000000000000000000000000000000000000000000000000000000000000000000000000000000000000000c0000000000000000000000000000000000000000000000000000000000000000000000000000000000000000000000000000000000000000000000000000000340000000000000000000000000000000000000000000000000000000000000708000000000000000000000000000000000000000000000000000000000000004481c5e03b000000000000000000000000e7578598aac020abfb918f33a20fad5b71d670b40000000000000000000000000000000000000000001cf389cd46047d0300000000000000000000000000000000000000000000000000000000000000
false
