+ ETH_FROM=0x7aE77149ed38c5dD313e9069d790Ce7085caf0A6
+ WALLET=0xBd1a110ec476b4775c43905000288881367B1a88
+ WRING=0xE7578598Aac020abFB918f33A20faD5B71d670b4
+ BACKINGSAFEBOX=0x0000000000d2B6dB21aED6e5aCcbFeCbBA37b51C
++ seth --to-wei 562875623.961051257 ether
+ wad=562875623961051257000000000
++ seth calldata 'transfer(address,uint256)' 0x0000000000d2B6dB21aED6e5aCcbFeCbBA37b51C 562875623961051257000000000
+ data=0xa9059cbb0000000000000000000000000000000000d2b6db21aed6e5accbfecbba37b51c000000000000000000000000000000000000000001d1998cb785cb367ba97a00
+ seth call -F 0xBd1a110ec476b4775c43905000288881367B1a88 0xE7578598Aac020abFB918f33A20faD5B71d670b4 0xa9059cbb0000000000000000000000000000000000d2b6db21aed6e5accbfecbba37b51c000000000000000000000000000000000000000001d1998cb785cb367ba97a00 --chain darwinia
0x0000000000000000000000000000000000000000000000000000000000000001
+ seth send -F 0x7aE77149ed38c5dD313e9069d790Ce7085caf0A6 0xBd1a110ec476b4775c43905000288881367B1a88 'submitTransaction(address,uint,bytes)' 0xE7578598Aac020abFB918f33A20faD5B71d670b4 0 0xa9059cbb0000000000000000000000000000000000d2b6db21aed6e5accbfecbba37b51c000000000000000000000000000000000000000001d1998cb785cb367ba97a00 --chain darwinia
seth-send: Published transaction with 228 bytes of calldata.
seth-send: 0x5f897956d16aab49ffad7819700d976293cb05dd0d4245fac7b8bfb8ff4982fa
seth-send: Waiting for transaction receipt.....
seth-send: Transaction included in block 1532216.
++ seth call -F 0x7aE77149ed38c5dD313e9069d790Ce7085caf0A6 0xBd1a110ec476b4775c43905000288881367B1a88 'transactionCount()(uint)' --chain darwinia
+ count=33
+ seth call -F 0x7aE77149ed38c5dD313e9069d790Ce7085caf0A6 0xBd1a110ec476b4775c43905000288881367B1a88 'transactions(uint)(address,uint,bytes,bool)' 32 --chain darwinia
0xE7578598Aac020abFB918f33A20faD5B71d670b4
0
0xa9059cbb0000000000000000000000000000000000d2b6db21aed6e5accbfecbba37b51c000000000000000000000000000000000000000001d1998cb785cb367ba97a00
false
