+ WALLET=0xBd1a110ec476b4775c43905000288881367B1a88
+ TIMELOCK=0xA546F42BeB3DEa617b0F3Ca6995C7Df5dfCaD29D
+ WRING=0xE7578598Aac020abFB918f33A20faD5B71d670b4
+ Erc20Sub2SubBackingProxy=0xF3c1444CD449bD66Ef6DA7CA6c3E7884840A3995
+ SALT=0x0000000000000000000000000000000000000000000000000000000000000002
+ PREDECESSOR=0x0000000000000000000000000000000000000000000000000000000000000000
+ DELAY=1800
+ target=0xF3c1444CD449bD66Ef6DA7CA6c3E7884840A3995
+ value=0
++ seth calldata 'changeDailyLimit(address,uint256)' 0xE7578598Aac020abFB918f33A20faD5B71d670b4 3000000000000000000000000
+ data1=0x81c5e03b000000000000000000000000e7578598aac020abfb918f33a20fad5b71d670b4000000000000000000000000000000000000000000027b46536c66c8e3000000
++ seth calldata 'schedule(address,uint256,bytes,bytes32,bytes32,uint256)' 0xF3c1444CD449bD66Ef6DA7CA6c3E7884840A3995 0 0x81c5e03b000000000000000000000000e7578598aac020abfb918f33a20fad5b71d670b4000000000000000000000000000000000000000000027b46536c66c8e3000000 0x0000000000000000000000000000000000000000000000000000000000000000 0x0000000000000000000000000000000000000000000000000000000000000002 1800
+ data=0x01d5062a000000000000000000000000f3c1444cd449bd66ef6da7ca6c3e7884840a3995000000000000000000000000000000000000000000000000000000000000000000000000000000000000000000000000000000000000000000000000000000c0000000000000000000000000000000000000000000000000000000000000000000000000000000000000000000000000000000000000000000000000000000020000000000000000000000000000000000000000000000000000000000000708000000000000000000000000000000000000000000000000000000000000004481c5e03b000000000000000000000000e7578598aac020abfb918f33a20fad5b71d670b4000000000000000000000000000000000000000000027b46536c66c8e300000000000000000000000000000000000000000000000000000000000000
+ seth call -F 0xBd1a110ec476b4775c43905000288881367B1a88 0xA546F42BeB3DEa617b0F3Ca6995C7Df5dfCaD29D 0x01d5062a000000000000000000000000f3c1444cd449bd66ef6da7ca6c3e7884840a3995000000000000000000000000000000000000000000000000000000000000000000000000000000000000000000000000000000000000000000000000000000c0000000000000000000000000000000000000000000000000000000000000000000000000000000000000000000000000000000000000000000000000000000020000000000000000000000000000000000000000000000000000000000000708000000000000000000000000000000000000000000000000000000000000004481c5e03b000000000000000000000000e7578598aac020abfb918f33a20fad5b71d670b4000000000000000000000000000000000000000000027b46536c66c8e300000000000000000000000000000000000000000000000000000000000000
0x
+ seth send 0xBd1a110ec476b4775c43905000288881367B1a88 'submitTransaction(address,uint,bytes)' 0xA546F42BeB3DEa617b0F3Ca6995C7Df5dfCaD29D 0 0x01d5062a000000000000000000000000f3c1444cd449bd66ef6da7ca6c3e7884840a3995000000000000000000000000000000000000000000000000000000000000000000000000000000000000000000000000000000000000000000000000000000c0000000000000000000000000000000000000000000000000000000000000000000000000000000000000000000000000000000000000000000000000000000020000000000000000000000000000000000000000000000000000000000000708000000000000000000000000000000000000000000000000000000000000004481c5e03b000000000000000000000000e7578598aac020abfb918f33a20fad5b71d670b4000000000000000000000000000000000000000000027b46536c66c8e300000000000000000000000000000000000000000000000000000000000000
seth-send: Published transaction with 484 bytes of calldata.
seth-send: 0x468ea6c8ea1e3f81b341c77a3b19a4f65f2709a13040526bd267531a4194af89
seth-send: Waiting for transaction receipt...
seth-send: Transaction included in block 10171160.
++ seth call 0xBd1a110ec476b4775c43905000288881367B1a88 'transactionCount()(uint)'
+ count=7
+ seth call 0xBd1a110ec476b4775c43905000288881367B1a88 'transactions(uint)(address,uint,bytes,bool)' 6
0xA546F42BeB3DEa617b0F3Ca6995C7Df5dfCaD29D
0
0x01d5062a000000000000000000000000f3c1444cd449bd66ef6da7ca6c3e7884840a3995000000000000000000000000000000000000000000000000000000000000000000000000000000000000000000000000000000000000000000000000000000c0000000000000000000000000000000000000000000000000000000000000000000000000000000000000000000000000000000000000000000000000000000020000000000000000000000000000000000000000000000000000000000000708000000000000000000000000000000000000000000000000000000000000004481c5e03b000000000000000000000000e7578598aac020abfb918f33a20fad5b71d670b4000000000000000000000000000000000000000000027b46536c66c8e300000000000000000000000000000000000000000000000000000000000000
false

+ seth send 0xA546F42BeB3DEa617b0F3Ca6995C7Df5dfCaD29D 'execute(address,uint256,bytes,bytes32,bytes32)' 0xF3c1444CD449bD66Ef6DA7CA6c3E7884840A3995 0 0x81c5e03b000000000000000000000000e7578598aac020abfb918f33a20fad5b71d670b4000000000000000000000000000000000000000000027b46536c66c8e3000000 0x0000000000000000000000000000000000000000000000000000000000000000 0x0000000000000000000000000000000000000000000000000000000000000002
seth-send: Published transaction with 292 bytes of calldata.
seth-send: 0xd4ceb8f38ec1652d331191517461518d0d1e8be7dd2d75db5d79a573e27a60b2
seth-send: Waiting for transaction receipt....
seth-send: Transaction included in block 10184702.
