+ WALLET=0xBd1a110ec476b4775c43905000288881367B1a88
+ TIMELOCK=0xA546F42BeB3DEa617b0F3Ca6995C7Df5dfCaD29D
+ PROXY=0xF3c1444CD449bD66Ef6DA7CA6c3E7884840A3995
+ WTOKEN=0xE7578598Aac020abFB918f33A20faD5B71d670b4
+ SALT=0x0000000000000000000000000000000000000000000000000000000000000004
+ PREDECESSOR=0x0000000000000000000000000000000000000000000000000000000000000000
+ DELAY=1800
+ target=0xF3c1444CD449bD66Ef6DA7CA6c3E7884840A3995
+ value=0
++ seth calldata 'setWToken(address)' 0xE7578598Aac020abFB918f33A20faD5B71d670b4
+ data1=0xd7fc2da4000000000000000000000000e7578598aac020abfb918f33a20fad5b71d670b4
++ seth calldata 'schedule(address,uint256,bytes,bytes32,bytes32,uint256)' 0xF3c1444CD449bD66Ef6DA7CA6c3E7884840A3995 0 0xd7fc2da4000000000000000000000000e7578598aac020abfb918f33a20fad5b71d670b4 0x0000000000000000000000000000000000000000000000000000000000000000 0x0000000000000000000000000000000000000000000000000000000000000004 1800
+ data=0x01d5062a000000000000000000000000f3c1444cd449bd66ef6da7ca6c3e7884840a3995000000000000000000000000000000000000000000000000000000000000000000000000000000000000000000000000000000000000000000000000000000c00000000000000000000000000000000000000000000000000000000000000000000000000000000000000000000000000000000000000000000000000000000400000000000000000000000000000000000000000000000000000000000007080000000000000000000000000000000000000000000000000000000000000024d7fc2da4000000000000000000000000e7578598aac020abfb918f33a20fad5b71d670b400000000000000000000000000000000000000000000000000000000
+ seth call -F 0xBd1a110ec476b4775c43905000288881367B1a88 0xA546F42BeB3DEa617b0F3Ca6995C7Df5dfCaD29D 0x01d5062a000000000000000000000000f3c1444cd449bd66ef6da7ca6c3e7884840a3995000000000000000000000000000000000000000000000000000000000000000000000000000000000000000000000000000000000000000000000000000000c00000000000000000000000000000000000000000000000000000000000000000000000000000000000000000000000000000000000000000000000000000000400000000000000000000000000000000000000000000000000000000000007080000000000000000000000000000000000000000000000000000000000000024d7fc2da4000000000000000000000000e7578598aac020abfb918f33a20fad5b71d670b400000000000000000000000000000000000000000000000000000000
0x
+ seth send 0xBd1a110ec476b4775c43905000288881367B1a88 'submitTransaction(address,uint,bytes)' 0xA546F42BeB3DEa617b0F3Ca6995C7Df5dfCaD29D 0 0x01d5062a000000000000000000000000f3c1444cd449bd66ef6da7ca6c3e7884840a3995000000000000000000000000000000000000000000000000000000000000000000000000000000000000000000000000000000000000000000000000000000c00000000000000000000000000000000000000000000000000000000000000000000000000000000000000000000000000000000000000000000000000000000400000000000000000000000000000000000000000000000000000000000007080000000000000000000000000000000000000000000000000000000000000024d7fc2da4000000000000000000000000e7578598aac020abfb918f33a20fad5b71d670b400000000000000000000000000000000000000000000000000000000
seth-send: Published transaction with 452 bytes of calldata.
seth-send: 0x5231b14af277044b16c8e4d3d0a1be302a4863507b277dbcd0f179b29005eaaa
seth-send: Waiting for transaction receipt...
seth-send: Transaction included in block 11779983.
++ seth call 0xBd1a110ec476b4775c43905000288881367B1a88 'transactionCount()(uint)'
+ count=14
+ seth call 0xBd1a110ec476b4775c43905000288881367B1a88 'transactions(uint)(address,uint,bytes,bool)' 13
0xA546F42BeB3DEa617b0F3Ca6995C7Df5dfCaD29D
0
0x01d5062a000000000000000000000000f3c1444cd449bd66ef6da7ca6c3e7884840a3995000000000000000000000000000000000000000000000000000000000000000000000000000000000000000000000000000000000000000000000000000000c00000000000000000000000000000000000000000000000000000000000000000000000000000000000000000000000000000000000000000000000000000000400000000000000000000000000000000000000000000000000000000000007080000000000000000000000000000000000000000000000000000000000000024d7fc2da4000000000000000000000000e7578598aac020abfb918f33a20fad5b71d670b400000000000000000000000000000000000000000000000000000000
false

+ seth send 0xA546F42BeB3DEa617b0F3Ca6995C7Df5dfCaD29D 'execute(address,uint256,bytes,bytes32,bytes32)' 0xF3c1444CD449bD66Ef6DA7CA6c3E7884840A3995 0 0xd7fc2da4000000000000000000000000e7578598aac020abfb918f33a20fad5b71d670b4 0x0000000000000000000000000000000000000000000000000000000000000000 0x0000000000000000000000000000000000000000000000000000000000000004
seth-send: Published transaction with 260 bytes of calldata.
seth-send: 0xf7a5b275b474aa0f163c9b6550053cba6d7b74887e40c8321530c1a4c5ce1aa8
seth-send: Waiting for transaction receipt...
