+ WALLET=0xBd1a110ec476b4775c43905000288881367B1a88
+ BACKING=0xD1B10B114f1975d8BCc6cb6FC43519160e2AA978
+ KTON=0x0000000000000000000000000000000000000402
+ wad=38851683489530000000000
++ seth calldata 'transfer(address,uint256)' 0xD1B10B114f1975d8BCc6cb6FC43519160e2AA978 38851683489530000000000
+ data=0xa9059cbb000000000000000000000000d1b10b114f1975d8bcc6cb6fc43519160e2aa97800000000000000000000000000000000000000000000083a276b60afb0854400
+ seth call -F 0xBd1a110ec476b4775c43905000288881367B1a88 0x0000000000000000000000000000000000000402 0xa9059cbb000000000000000000000000d1b10b114f1975d8bcc6cb6fc43519160e2aa97800000000000000000000000000000000000000000000083a276b60afb0854400
0x0000000000000000000000000000000000000000000000000000000000000001
+ seth send 0xBd1a110ec476b4775c43905000288881367B1a88 'submitTransaction(address,uint,bytes)' 0x0000000000000000000000000000000000000402 0 0xa9059cbb000000000000000000000000d1b10b114f1975d8bcc6cb6fc43519160e2aa97800000000000000000000000000000000000000000000083a276b60afb0854400
seth-send: Published transaction with 228 bytes of calldata.
seth-send: 0x66eeeb3e87a5c00644a820200fbe8c71b5db51a70135d099788c968e3927d333
seth-send: Waiting for transaction receipt....
seth-send: Transaction included in block 10600675.
++ seth call 0xBd1a110ec476b4775c43905000288881367B1a88 'transactionCount()(uint)'
+ count=10
+ seth call 0xBd1a110ec476b4775c43905000288881367B1a88 'transactions(uint)(address,uint,bytes,bool)' 9
0x0000000000000000000000000000000000000402
0
0xa9059cbb000000000000000000000000d1b10b114f1975d8bcc6cb6fc43519160e2aa97800000000000000000000000000000000000000000000083a276b60afb0854400
false
