+ WALLET=0xBd1a110ec476b4775c43905000288881367B1a88
+ BACKING=0xD1B10B114f1975d8BCc6cb6FC43519160e2AA978
+ WRING=0xE7578598Aac020abFB918f33A20faD5B71d670b4
++ seth --to-wei 20000000 ether
+ wad=20000000000000000000000000
++ seth calldata 'transfer(address,uint256)' 0xD1B10B114f1975d8BCc6cb6FC43519160e2AA978 20000000000000000000000000
+ data=0xa9059cbb000000000000000000000000d1b10b114f1975d8bcc6cb6fc43519160e2aa978000000000000000000000000000000000000000000108b2a2c28029094000000
+ seth call -F 0xBd1a110ec476b4775c43905000288881367B1a88 0xE7578598Aac020abFB918f33A20faD5B71d670b4 0xa9059cbb000000000000000000000000d1b10b114f1975d8bcc6cb6fc43519160e2aa978000000000000000000000000000000000000000000108b2a2c28029094000000
0x0000000000000000000000000000000000000000000000000000000000000001
+ seth send 0xBd1a110ec476b4775c43905000288881367B1a88 'submitTransaction(address,uint,bytes)' 0xE7578598Aac020abFB918f33A20faD5B71d670b4 0 0xa9059cbb000000000000000000000000d1b10b114f1975d8bcc6cb6fc43519160e2aa978000000000000000000000000000000000000000000108b2a2c28029094000000
seth-send: Published transaction with 228 bytes of calldata.
seth-send: 0x5a51e86213491954d08bbfa118e1ead5cd8973475f2f773716b38c91b3e18eda
seth-send: Waiting for transaction receipt....
seth-send: Transaction included in block 10600557.
++ seth call 0xBd1a110ec476b4775c43905000288881367B1a88 'transactionCount()(uint)'
+ count=9
+ seth call 0xBd1a110ec476b4775c43905000288881367B1a88 'transactions(uint)(address,uint,bytes,bool)' 8
0xE7578598Aac020abFB918f33A20faD5B71d670b4
0
0xa9059cbb000000000000000000000000d1b10b114f1975d8bcc6cb6fc43519160e2aa978000000000000000000000000000000000000000000108b2a2c28029094000000
false
