+ WALLET=0xBd1a110ec476b4775c43905000288881367B1a88
+ TIMELOCK=0xA546F42BeB3DEa617b0F3Ca6995C7Df5dfCaD29D
+ ADMIN=0x91331B6Dd589163aF02Fb13E0466c3ba10eE310f
+ PROXY=0xF3c1444CD449bD66Ef6DA7CA6c3E7884840A3995
+ LOGIC=0x3141fEB844049B7b0f922542a4cf5Bcae9e1367d
+ SALT=0x0000000000000000000000000000000000000000000000000000000000000003
+ PREDECESSOR=0x0000000000000000000000000000000000000000000000000000000000000000
+ DELAY=1800
+ target=0x91331B6Dd589163aF02Fb13E0466c3ba10eE310f
+ value=0
++ seth calldata 'upgrade(address,address)' 0xF3c1444CD449bD66Ef6DA7CA6c3E7884840A3995 0x3141fEB844049B7b0f922542a4cf5Bcae9e1367d
+ data1=0x99a88ec4000000000000000000000000f3c1444cd449bd66ef6da7ca6c3e7884840a39950000000000000000000000003141feb844049b7b0f922542a4cf5bcae9e1367d
++ seth calldata 'schedule(address,uint256,bytes,bytes32,bytes32,uint256)' 0x91331B6Dd589163aF02Fb13E0466c3ba10eE310f 0 0x99a88ec4000000000000000000000000f3c1444cd449bd66ef6da7ca6c3e7884840a39950000000000000000000000003141feb844049b7b0f922542a4cf5bcae9e1367d 0x0000000000000000000000000000000000000000000000000000000000000000 0x0000000000000000000000000000000000000000000000000000000000000003 1800
+ data=0x01d5062a00000000000000000000000091331b6dd589163af02fb13e0466c3ba10ee310f000000000000000000000000000000000000000000000000000000000000000000000000000000000000000000000000000000000000000000000000000000c0000000000000000000000000000000000000000000000000000000000000000000000000000000000000000000000000000000000000000000000000000000030000000000000000000000000000000000000000000000000000000000000708000000000000000000000000000000000000000000000000000000000000004499a88ec4000000000000000000000000f3c1444cd449bd66ef6da7ca6c3e7884840a39950000000000000000000000003141feb844049b7b0f922542a4cf5bcae9e1367d00000000000000000000000000000000000000000000000000000000
+ seth call -F 0xBd1a110ec476b4775c43905000288881367B1a88 0xA546F42BeB3DEa617b0F3Ca6995C7Df5dfCaD29D 0x01d5062a00000000000000000000000091331b6dd589163af02fb13e0466c3ba10ee310f000000000000000000000000000000000000000000000000000000000000000000000000000000000000000000000000000000000000000000000000000000c0000000000000000000000000000000000000000000000000000000000000000000000000000000000000000000000000000000000000000000000000000000030000000000000000000000000000000000000000000000000000000000000708000000000000000000000000000000000000000000000000000000000000004499a88ec4000000000000000000000000f3c1444cd449bd66ef6da7ca6c3e7884840a39950000000000000000000000003141feb844049b7b0f922542a4cf5bcae9e1367d00000000000000000000000000000000000000000000000000000000
0x
+ seth send 0xBd1a110ec476b4775c43905000288881367B1a88 'submitTransaction(address,uint,bytes)' 0xA546F42BeB3DEa617b0F3Ca6995C7Df5dfCaD29D 0 0x01d5062a00000000000000000000000091331b6dd589163af02fb13e0466c3ba10ee310f000000000000000000000000000000000000000000000000000000000000000000000000000000000000000000000000000000000000000000000000000000c0000000000000000000000000000000000000000000000000000000000000000000000000000000000000000000000000000000000000000000000000000000030000000000000000000000000000000000000000000000000000000000000708000000000000000000000000000000000000000000000000000000000000004499a88ec4000000000000000000000000f3c1444cd449bd66ef6da7ca6c3e7884840a39950000000000000000000000003141feb844049b7b0f922542a4cf5bcae9e1367d00000000000000000000000000000000000000000000000000000000
seth-send: Published transaction with 484 bytes of calldata.
seth-send: 0x31cf360e487f898f078a61612748cba84a7116d1be23ff32a5082f1d9b9689f6
seth-send: Waiting for transaction receipt...
seth-send: Transaction included in block 11778530.
++ seth call 0xBd1a110ec476b4775c43905000288881367B1a88 'transactionCount()(uint)'
+ count=13
+ seth call 0xBd1a110ec476b4775c43905000288881367B1a88 'transactions(uint)(address,uint,bytes,bool)' 12
0xA546F42BeB3DEa617b0F3Ca6995C7Df5dfCaD29D
0
0x01d5062a00000000000000000000000091331b6dd589163af02fb13e0466c3ba10ee310f000000000000000000000000000000000000000000000000000000000000000000000000000000000000000000000000000000000000000000000000000000c0000000000000000000000000000000000000000000000000000000000000000000000000000000000000000000000000000000000000000000000000000000030000000000000000000000000000000000000000000000000000000000000708000000000000000000000000000000000000000000000000000000000000004499a88ec4000000000000000000000000f3c1444cd449bd66ef6da7ca6c3e7884840a39950000000000000000000000003141feb844049b7b0f922542a4cf5bcae9e1367d00000000000000000000000000000000000000000000000000000000
false

+ seth send 0xA546F42BeB3DEa617b0F3Ca6995C7Df5dfCaD29D 'execute(address,uint256,bytes,bytes32,bytes32)' 0x91331B6Dd589163aF02Fb13E0466c3ba10eE310f 0 0x99a88ec4000000000000000000000000f3c1444cd449bd66ef6da7ca6c3e7884840a39950000000000000000000000003141feb844049b7b0f922542a4cf5bcae9e1367d 0x0000000000000000000000000000000000000000000000000000000000000000 0x0000000000000000000000000000000000000000000000000000000000000003
seth-send: Published transaction with 292 bytes of calldata.
seth-send: 0x7cb2f6b19a35fd07c61e1b7eda9cdf178a95c8ecf3b07521431b87735d5cc7bf
seth-send: Waiting for transaction receipt....
seth-send: Transaction included in block 11779670.
