+ WALLET=0xBd1a110ec476b4775c43905000288881367B1a88
+ TIMELOCK=0xA546F42BeB3DEa617b0F3Ca6995C7Df5dfCaD29D
+ ADMIN=0x2FC7Def96561ca5e1f0Aa333cb78cFA51DeE3218
+ PROXY=0x84f7a56483C100ECb12CbB4A31b7873dAE0d8E9B
+ LOGIC=0xb95e74D3ECaA6270559466576bFD62CE9745764B
+ SALT=0x0000000000000000000000000000000000000000000000000000000000000006
+ PREDECESSOR=0x0000000000000000000000000000000000000000000000000000000000000000
+ DELAY=1800
+ target=0x2FC7Def96561ca5e1f0Aa333cb78cFA51DeE3218
+ value=0
++ seth calldata 'upgrade(address,address)' 0x84f7a56483C100ECb12CbB4A31b7873dAE0d8E9B 0xb95e74D3ECaA6270559466576bFD62CE9745764B
+ data1=0x99a88ec400000000000000000000000084f7a56483c100ecb12cbb4a31b7873dae0d8e9b000000000000000000000000b95e74d3ecaa6270559466576bfd62ce9745764b
++ seth calldata 'schedule(address,uint256,bytes,bytes32,bytes32,uint256)' 0x2FC7Def96561ca5e1f0Aa333cb78cFA51DeE3218 0 0x99a88ec400000000000000000000000084f7a56483c100ecb12cbb4a31b7873dae0d8e9b000000000000000000000000b95e74d3ecaa6270559466576bfd62ce9745764b 0x0000000000000000000000000000000000000000000000000000000000000000 0x0000000000000000000000000000000000000000000000000000000000000006 1800
+ data=0x01d5062a0000000000000000000000002fc7def96561ca5e1f0aa333cb78cfa51dee3218000000000000000000000000000000000000000000000000000000000000000000000000000000000000000000000000000000000000000000000000000000c0000000000000000000000000000000000000000000000000000000000000000000000000000000000000000000000000000000000000000000000000000000060000000000000000000000000000000000000000000000000000000000000708000000000000000000000000000000000000000000000000000000000000004499a88ec400000000000000000000000084f7a56483c100ecb12cbb4a31b7873dae0d8e9b000000000000000000000000b95e74d3ecaa6270559466576bfd62ce9745764b00000000000000000000000000000000000000000000000000000000
+ seth call -F 0xBd1a110ec476b4775c43905000288881367B1a88 0xA546F42BeB3DEa617b0F3Ca6995C7Df5dfCaD29D 0x01d5062a0000000000000000000000002fc7def96561ca5e1f0aa333cb78cfa51dee3218000000000000000000000000000000000000000000000000000000000000000000000000000000000000000000000000000000000000000000000000000000c0000000000000000000000000000000000000000000000000000000000000000000000000000000000000000000000000000000000000000000000000000000060000000000000000000000000000000000000000000000000000000000000708000000000000000000000000000000000000000000000000000000000000004499a88ec400000000000000000000000084f7a56483c100ecb12cbb4a31b7873dae0d8e9b000000000000000000000000b95e74d3ecaa6270559466576bfd62ce9745764b00000000000000000000000000000000000000000000000000000000
0x
+ seth send 0xBd1a110ec476b4775c43905000288881367B1a88 'submitTransaction(address,uint,bytes)' 0xA546F42BeB3DEa617b0F3Ca6995C7Df5dfCaD29D 0 0x01d5062a0000000000000000000000002fc7def96561ca5e1f0aa333cb78cfa51dee3218000000000000000000000000000000000000000000000000000000000000000000000000000000000000000000000000000000000000000000000000000000c0000000000000000000000000000000000000000000000000000000000000000000000000000000000000000000000000000000000000000000000000000000060000000000000000000000000000000000000000000000000000000000000708000000000000000000000000000000000000000000000000000000000000004499a88ec400000000000000000000000084f7a56483c100ecb12cbb4a31b7873dae0d8e9b000000000000000000000000b95e74d3ecaa6270559466576bfd62ce9745764b00000000000000000000000000000000000000000000000000000000
seth-send: Published transaction with 484 bytes of calldata.
seth-send: 0x0a88e2a879aff579d543e04729fffb694d02eaf4f6ca2e0f7faff1a5fd9edf78
seth-send: Waiting for transaction receipt....
seth-send: Transaction included in block 12422070.
++ seth call 0xBd1a110ec476b4775c43905000288881367B1a88 'transactionCount()(uint)'
+ count=16
+ seth call 0xBd1a110ec476b4775c43905000288881367B1a88 'transactions(uint)(address,uint,bytes,bool)' 15
0xA546F42BeB3DEa617b0F3Ca6995C7Df5dfCaD29D
0
0x01d5062a0000000000000000000000002fc7def96561ca5e1f0aa333cb78cfa51dee3218000000000000000000000000000000000000000000000000000000000000000000000000000000000000000000000000000000000000000000000000000000c0000000000000000000000000000000000000000000000000000000000000000000000000000000000000000000000000000000000000000000000000000000060000000000000000000000000000000000000000000000000000000000000708000000000000000000000000000000000000000000000000000000000000004499a88ec400000000000000000000000084f7a56483c100ecb12cbb4a31b7873dae0d8e9b000000000000000000000000b95e74d3ecaa6270559466576bfd62ce9745764b00000000000000000000000000000000000000000000000000000000
false

+ seth send 0xA546F42BeB3DEa617b0F3Ca6995C7Df5dfCaD29D 'execute(address,uint256,bytes,bytes32,bytes32)' 0x2FC7Def96561ca5e1f0Aa333cb78cFA51DeE3218 0 0x99a88ec400000000000000000000000084f7a56483c100ecb12cbb4a31b7873dae0d8e9b000000000000000000000000b95e74d3ecaa6270559466576bfd62ce9745764b 0x0000000000000000000000000000000000000000000000000000000000000000 0x0000000000000000000000000000000000000000000000000000000000000006
seth-send: Published transaction with 292 bytes of calldata.
seth-send: 0x09bebc5a81294b297d2477d4f536a68e33037a99c671d70651767aa5623daef6
seth-send: Waiting for transaction receipt...
seth-send: Transaction included in block 12422775.
